[1.571s] Invoking command in '/home/kevin/ros2_airweek/src/mmpose': PYTHONPATH=/home/kevin/ros2_airweek/build/mmpose/prefix_override:/home/kevin/ros2_airweek/install/mmpose/lib/python3.10/site-packages:${PYTHONPATH} /usr/bin/python3 setup.py egg_info --egg-base ../../build/mmpose build --build-base /home/kevin/ros2_airweek/build/mmpose/build install --record /home/kevin/ros2_airweek/build/mmpose/install.log --single-version-externally-managed
[2.395s] running egg_info
[2.398s] writing ../../build/mmpose/mmpose.egg-info/PKG-INFO
[2.400s] writing dependency_links to ../../build/mmpose/mmpose.egg-info/dependency_links.txt
[2.401s] writing entry points to ../../build/mmpose/mmpose.egg-info/entry_points.txt
[2.401s] writing requirements to ../../build/mmpose/mmpose.egg-info/requires.txt
[2.402s] writing top-level names to ../../build/mmpose/mmpose.egg-info/top_level.txt
[2.411s] reading manifest file '../../build/mmpose/mmpose.egg-info/SOURCES.txt'
[2.415s] writing manifest file '../../build/mmpose/mmpose.egg-info/SOURCES.txt'
[2.416s] running build
[2.417s] running build_py
[2.418s] running install
[2.420s] running install_lib
[2.426s] running install_data
[2.428s] running install_egg_info
[2.436s] removing '/home/kevin/ros2_airweek/install/mmpose/lib/python3.10/site-packages/mmpose-0.0.0-py3.10.egg-info' (and everything under it)
[2.437s] Copying ../../build/mmpose/mmpose.egg-info to /home/kevin/ros2_airweek/install/mmpose/lib/python3.10/site-packages/mmpose-0.0.0-py3.10.egg-info
[2.440s] running install_scripts
[2.555s] writing list of installed files to '/home/kevin/ros2_airweek/build/mmpose/install.log'
[2.659s] Invoked command in '/home/kevin/ros2_airweek/src/mmpose' returned '0': PYTHONPATH=/home/kevin/ros2_airweek/build/mmpose/prefix_override:/home/kevin/ros2_airweek/install/mmpose/lib/python3.10/site-packages:${PYTHONPATH} /usr/bin/python3 setup.py egg_info --egg-base ../../build/mmpose build --build-base /home/kevin/ros2_airweek/build/mmpose/build install --record /home/kevin/ros2_airweek/build/mmpose/install.log --single-version-externally-managed
