[1.453s] Invoking command in '/home/kevin/ros2_airweek/src/yolov8_ros/yolov8_ros': PYTHONPATH=/home/kevin/ros2_airweek/build/yolov8_ros/prefix_override:/home/kevin/ros2_airweek/install/yolov8_ros/lib/python3.10/site-packages:${PYTHONPATH} /usr/bin/python3 setup.py egg_info --egg-base ../../../build/yolov8_ros build --build-base /home/kevin/ros2_airweek/build/yolov8_ros/build install --record /home/kevin/ros2_airweek/build/yolov8_ros/install.log --single-version-externally-managed
[2.169s] running egg_info
[2.181s] writing ../../../build/yolov8_ros/yolov8_ros.egg-info/PKG-INFO
[2.184s] writing dependency_links to ../../../build/yolov8_ros/yolov8_ros.egg-info/dependency_links.txt
[2.184s] writing entry points to ../../../build/yolov8_ros/yolov8_ros.egg-info/entry_points.txt
[2.184s] writing requirements to ../../../build/yolov8_ros/yolov8_ros.egg-info/requires.txt
[2.184s] writing top-level names to ../../../build/yolov8_ros/yolov8_ros.egg-info/top_level.txt
[2.213s] reading manifest file '../../../build/yolov8_ros/yolov8_ros.egg-info/SOURCES.txt'
[2.213s] writing manifest file '../../../build/yolov8_ros/yolov8_ros.egg-info/SOURCES.txt'
[2.213s] running build
[2.214s] running build_py
[2.221s] running install
[2.221s] running install_lib
[2.222s] running install_data
[2.222s] running install_egg_info
[2.223s] removing '/home/kevin/ros2_airweek/install/yolov8_ros/lib/python3.10/site-packages/yolov8_ros-0.0.0-py3.10.egg-info' (and everything under it)
[2.224s] Copying ../../../build/yolov8_ros/yolov8_ros.egg-info to /home/kevin/ros2_airweek/install/yolov8_ros/lib/python3.10/site-packages/yolov8_ros-0.0.0-py3.10.egg-info
[2.226s] running install_scripts
[2.284s] Installing debug_node script to /home/kevin/ros2_airweek/install/yolov8_ros/lib/yolov8_ros
[2.285s] Installing detect_3d_node script to /home/kevin/ros2_airweek/install/yolov8_ros/lib/yolov8_ros
[2.287s] Installing tracking_node script to /home/kevin/ros2_airweek/install/yolov8_ros/lib/yolov8_ros
[2.288s] Installing yolov8_node script to /home/kevin/ros2_airweek/install/yolov8_ros/lib/yolov8_ros
[2.289s] writing list of installed files to '/home/kevin/ros2_airweek/build/yolov8_ros/install.log'
[2.516s] Invoked command in '/home/kevin/ros2_airweek/src/yolov8_ros/yolov8_ros' returned '0': PYTHONPATH=/home/kevin/ros2_airweek/build/yolov8_ros/prefix_override:/home/kevin/ros2_airweek/install/yolov8_ros/lib/python3.10/site-packages:${PYTHONPATH} /usr/bin/python3 setup.py egg_info --egg-base ../../../build/yolov8_ros build --build-base /home/kevin/ros2_airweek/build/yolov8_ros/build install --record /home/kevin/ros2_airweek/build/yolov8_ros/install.log --single-version-externally-managed
