[0.387s] Invoking command in '/home/kevin/ros2_airweek/src/object_detection': PYTHONPATH=/home/kevin/ros2_airweek/build/object_detection/prefix_override:/home/kevin/ros2_airweek/install/object_detection/lib/python3.10/site-packages:${PYTHONPATH} /usr/bin/python3 setup.py egg_info --egg-base ../../build/object_detection build --build-base /home/kevin/ros2_airweek/build/object_detection/build install --record /home/kevin/ros2_airweek/build/object_detection/install.log --single-version-externally-managed
[0.506s] running egg_info
[0.506s] writing ../../build/object_detection/object_detection.egg-info/PKG-INFO
[0.506s] writing dependency_links to ../../build/object_detection/object_detection.egg-info/dependency_links.txt
[0.506s] writing entry points to ../../build/object_detection/object_detection.egg-info/entry_points.txt
[0.506s] writing requirements to ../../build/object_detection/object_detection.egg-info/requires.txt
[0.506s] writing top-level names to ../../build/object_detection/object_detection.egg-info/top_level.txt
[0.507s] reading manifest file '../../build/object_detection/object_detection.egg-info/SOURCES.txt'
[0.507s] writing manifest file '../../build/object_detection/object_detection.egg-info/SOURCES.txt'
[0.507s] running build
[0.507s] running build_py
[0.507s] running install
[0.507s] running install_lib
[0.508s] running install_data
[0.508s] running install_egg_info
[0.509s] removing '/home/kevin/ros2_airweek/install/object_detection/lib/python3.10/site-packages/object_detection-0.0.0-py3.10.egg-info' (and everything under it)
[0.509s] Copying ../../build/object_detection/object_detection.egg-info to /home/kevin/ros2_airweek/install/object_detection/lib/python3.10/site-packages/object_detection-0.0.0-py3.10.egg-info
[0.509s] running install_scripts
[0.518s] Installing image_converter script to /home/kevin/ros2_airweek/install/object_detection/lib/object_detection
[0.518s] writing list of installed files to '/home/kevin/ros2_airweek/build/object_detection/install.log'
[0.530s] Invoked command in '/home/kevin/ros2_airweek/src/object_detection' returned '0': PYTHONPATH=/home/kevin/ros2_airweek/build/object_detection/prefix_override:/home/kevin/ros2_airweek/install/object_detection/lib/python3.10/site-packages:${PYTHONPATH} /usr/bin/python3 setup.py egg_info --egg-base ../../build/object_detection build --build-base /home/kevin/ros2_airweek/build/object_detection/build install --record /home/kevin/ros2_airweek/build/object_detection/install.log --single-version-externally-managed
