[1.503s] Invoking command in '/home/kevin/ros2_airweek/src/object_detection': PYTHONPATH=/home/kevin/ros2_airweek/build/object_detection/prefix_override:/home/kevin/ros2_airweek/install/object_detection/lib/python3.10/site-packages:${PYTHONPATH} /usr/bin/python3 setup.py egg_info --egg-base ../../build/object_detection build --build-base /home/kevin/ros2_airweek/build/object_detection/build install --record /home/kevin/ros2_airweek/build/object_detection/install.log --single-version-externally-managed
[2.585s] running egg_info
[2.585s] writing ../../build/object_detection/object_detection.egg-info/PKG-INFO
[2.585s] writing dependency_links to ../../build/object_detection/object_detection.egg-info/dependency_links.txt
[2.585s] writing entry points to ../../build/object_detection/object_detection.egg-info/entry_points.txt
[2.585s] writing requirements to ../../build/object_detection/object_detection.egg-info/requires.txt
[2.585s] writing top-level names to ../../build/object_detection/object_detection.egg-info/top_level.txt
[2.587s] reading manifest file '../../build/object_detection/object_detection.egg-info/SOURCES.txt'
[2.587s] writing manifest file '../../build/object_detection/object_detection.egg-info/SOURCES.txt'
[2.587s] running build
[2.587s] running build_py
[2.587s] copying object_detection/image_converter_openpifpaf.py -> /home/kevin/ros2_airweek/build/object_detection/build/lib/object_detection
[2.587s] running install
[2.587s] running install_lib
[2.588s] copying /home/kevin/ros2_airweek/build/object_detection/build/lib/object_detection/image_converter_openpifpaf.py -> /home/kevin/ros2_airweek/install/object_detection/lib/python3.10/site-packages/object_detection
[2.588s] byte-compiling /home/kevin/ros2_airweek/install/object_detection/lib/python3.10/site-packages/object_detection/image_converter_openpifpaf.py to image_converter_openpifpaf.cpython-310.pyc
[2.589s] running install_data
[2.589s] running install_egg_info
[2.590s] removing '/home/kevin/ros2_airweek/install/object_detection/lib/python3.10/site-packages/object_detection-0.0.0-py3.10.egg-info' (and everything under it)
[2.590s] Copying ../../build/object_detection/object_detection.egg-info to /home/kevin/ros2_airweek/install/object_detection/lib/python3.10/site-packages/object_detection-0.0.0-py3.10.egg-info
[2.591s] running install_scripts
[2.601s] Installing image_converter_openpifpaf script to /home/kevin/ros2_airweek/install/object_detection/lib/object_detection
[2.602s] Installing image_converter_yolo script to /home/kevin/ros2_airweek/install/object_detection/lib/object_detection
[2.602s] writing list of installed files to '/home/kevin/ros2_airweek/build/object_detection/install.log'
[2.751s] Invoked command in '/home/kevin/ros2_airweek/src/object_detection' returned '0': PYTHONPATH=/home/kevin/ros2_airweek/build/object_detection/prefix_override:/home/kevin/ros2_airweek/install/object_detection/lib/python3.10/site-packages:${PYTHONPATH} /usr/bin/python3 setup.py egg_info --egg-base ../../build/object_detection build --build-base /home/kevin/ros2_airweek/build/object_detection/build install --record /home/kevin/ros2_airweek/build/object_detection/install.log --single-version-externally-managed
