[0.638s] Invoking command in '/home/kevin/ros2_airweek/src/mmpose': PYTHONPATH=/home/kevin/ros2_airweek/build/mmpose/prefix_override:/home/kevin/ros2_airweek/install/mmpose/lib/python3.10/site-packages:${PYTHONPATH} /usr/bin/python3 setup.py egg_info --egg-base ../../build/mmpose build --build-base /home/kevin/ros2_airweek/build/mmpose/build install --record /home/kevin/ros2_airweek/build/mmpose/install.log --single-version-externally-managed
[1.102s] running egg_info
[1.106s] writing ../../build/mmpose/mmpose.egg-info/PKG-INFO
[1.107s] writing dependency_links to ../../build/mmpose/mmpose.egg-info/dependency_links.txt
[1.108s] writing entry points to ../../build/mmpose/mmpose.egg-info/entry_points.txt
[1.108s] writing requirements to ../../build/mmpose/mmpose.egg-info/requires.txt
[1.108s] writing top-level names to ../../build/mmpose/mmpose.egg-info/top_level.txt
[1.117s] reading manifest file '../../build/mmpose/mmpose.egg-info/SOURCES.txt'
[1.123s] writing manifest file '../../build/mmpose/mmpose.egg-info/SOURCES.txt'
[1.124s] running build
[1.125s] running build_py
[1.126s] running install
[1.128s] running install_lib
[1.131s] running install_data
[1.133s] running install_egg_info
[1.143s] removing '/home/kevin/ros2_airweek/install/mmpose/lib/python3.10/site-packages/mmpose-0.0.0-py3.10.egg-info' (and everything under it)
[1.144s] Copying ../../build/mmpose/mmpose.egg-info to /home/kevin/ros2_airweek/install/mmpose/lib/python3.10/site-packages/mmpose-0.0.0-py3.10.egg-info
[1.148s] running install_scripts
[1.264s] writing list of installed files to '/home/kevin/ros2_airweek/build/mmpose/install.log'
[1.388s] Invoked command in '/home/kevin/ros2_airweek/src/mmpose' returned '0': PYTHONPATH=/home/kevin/ros2_airweek/build/mmpose/prefix_override:/home/kevin/ros2_airweek/install/mmpose/lib/python3.10/site-packages:${PYTHONPATH} /usr/bin/python3 setup.py egg_info --egg-base ../../build/mmpose build --build-base /home/kevin/ros2_airweek/build/mmpose/build install --record /home/kevin/ros2_airweek/build/mmpose/install.log --single-version-externally-managed
