[1.492s] Invoking command in '/home/kevin/ros2_airweek/src/yolov8_ros/yolov8_ros': PYTHONPATH=/home/kevin/ros2_airweek/build/yolov8_ros/prefix_override:/home/kevin/ros2_airweek/install/yolov8_ros/lib/python3.10/site-packages:${PYTHONPATH} /usr/bin/python3 setup.py egg_info --egg-base ../../../build/yolov8_ros build --build-base /home/kevin/ros2_airweek/build/yolov8_ros/build install --record /home/kevin/ros2_airweek/build/yolov8_ros/install.log --single-version-externally-managed
[1.631s] running egg_info
[1.632s] writing ../../../build/yolov8_ros/yolov8_ros.egg-info/PKG-INFO
[1.632s] writing dependency_links to ../../../build/yolov8_ros/yolov8_ros.egg-info/dependency_links.txt
[1.632s] writing entry points to ../../../build/yolov8_ros/yolov8_ros.egg-info/entry_points.txt
[1.632s] writing requirements to ../../../build/yolov8_ros/yolov8_ros.egg-info/requires.txt
[1.632s] writing top-level names to ../../../build/yolov8_ros/yolov8_ros.egg-info/top_level.txt
[1.633s] reading manifest file '../../../build/yolov8_ros/yolov8_ros.egg-info/SOURCES.txt'
[1.633s] writing manifest file '../../../build/yolov8_ros/yolov8_ros.egg-info/SOURCES.txt'
[1.633s] running build
[1.633s] running build_py
[1.634s] running install
[1.634s] running install_lib
[1.634s] running install_data
[1.635s] running install_egg_info
[1.636s] removing '/home/kevin/ros2_airweek/install/yolov8_ros/lib/python3.10/site-packages/yolov8_ros-0.0.0-py3.10.egg-info' (and everything under it)
[1.636s] Copying ../../../build/yolov8_ros/yolov8_ros.egg-info to /home/kevin/ros2_airweek/install/yolov8_ros/lib/python3.10/site-packages/yolov8_ros-0.0.0-py3.10.egg-info
[1.636s] running install_scripts
[1.651s] Installing debug_node script to /home/kevin/ros2_airweek/install/yolov8_ros/lib/yolov8_ros
[1.651s] Installing detect_3d_node script to /home/kevin/ros2_airweek/install/yolov8_ros/lib/yolov8_ros
[1.651s] Installing tracking_node script to /home/kevin/ros2_airweek/install/yolov8_ros/lib/yolov8_ros
[1.651s] Installing yolov8_node script to /home/kevin/ros2_airweek/install/yolov8_ros/lib/yolov8_ros
[1.652s] writing list of installed files to '/home/kevin/ros2_airweek/build/yolov8_ros/install.log'
[1.669s] Invoked command in '/home/kevin/ros2_airweek/src/yolov8_ros/yolov8_ros' returned '0': PYTHONPATH=/home/kevin/ros2_airweek/build/yolov8_ros/prefix_override:/home/kevin/ros2_airweek/install/yolov8_ros/lib/python3.10/site-packages:${PYTHONPATH} /usr/bin/python3 setup.py egg_info --egg-base ../../../build/yolov8_ros build --build-base /home/kevin/ros2_airweek/build/yolov8_ros/build install --record /home/kevin/ros2_airweek/build/yolov8_ros/install.log --single-version-externally-managed
