[2.727s] Invoking command in '/home/kevin/ros2_airweek/src/object_detection': CONDA_PROMPT_MODIFIER=(openmmlab) PYTHONPATH=/home/kevin/ros2_airweek/build/object_detection/prefix_override:/home/kevin/ros2_airweek/install/object_detection/lib/python3.10/site-packages:${PYTHONPATH} /usr/bin/python3 setup.py egg_info --egg-base ../../build/object_detection build --build-base /home/kevin/ros2_airweek/build/object_detection/build install --record /home/kevin/ros2_airweek/build/object_detection/install.log --single-version-externally-managed
[2.862s] running egg_info
[2.863s] writing ../../build/object_detection/object_detection.egg-info/PKG-INFO
[2.863s] writing dependency_links to ../../build/object_detection/object_detection.egg-info/dependency_links.txt
[2.863s] writing entry points to ../../build/object_detection/object_detection.egg-info/entry_points.txt
[2.863s] writing requirements to ../../build/object_detection/object_detection.egg-info/requires.txt
[2.863s] writing top-level names to ../../build/object_detection/object_detection.egg-info/top_level.txt
[2.864s] reading manifest file '../../build/object_detection/object_detection.egg-info/SOURCES.txt'
[2.864s] writing manifest file '../../build/object_detection/object_detection.egg-info/SOURCES.txt'
[2.864s] running build
[2.864s] running build_py
[2.865s] copying object_detection/mmpose.py -> /home/kevin/ros2_airweek/build/object_detection/build/lib/object_detection
[2.865s] running install
[2.865s] running install_lib
[2.865s] copying /home/kevin/ros2_airweek/build/object_detection/build/lib/object_detection/mmpose.py -> /home/kevin/ros2_airweek/install/object_detection/lib/python3.10/site-packages/object_detection
[2.866s] byte-compiling /home/kevin/ros2_airweek/install/object_detection/lib/python3.10/site-packages/object_detection/mmpose.py to mmpose.cpython-310.pyc
[2.866s] running install_data
[2.867s] running install_egg_info
[2.868s] removing '/home/kevin/ros2_airweek/install/object_detection/lib/python3.10/site-packages/object_detection-0.0.0-py3.10.egg-info' (and everything under it)
[2.868s] Copying ../../build/object_detection/object_detection.egg-info to /home/kevin/ros2_airweek/install/object_detection/lib/python3.10/site-packages/object_detection-0.0.0-py3.10.egg-info
[2.869s] running install_scripts
[2.883s] Installing image_converter script to /home/kevin/ros2_airweek/install/object_detection/lib/object_detection
[2.883s] Installing mmpose script to /home/kevin/ros2_airweek/install/object_detection/lib/object_detection
[2.883s] writing list of installed files to '/home/kevin/ros2_airweek/build/object_detection/install.log'
[2.897s] Invoked command in '/home/kevin/ros2_airweek/src/object_detection' returned '0': CONDA_PROMPT_MODIFIER=(openmmlab) PYTHONPATH=/home/kevin/ros2_airweek/build/object_detection/prefix_override:/home/kevin/ros2_airweek/install/object_detection/lib/python3.10/site-packages:${PYTHONPATH} /usr/bin/python3 setup.py egg_info --egg-base ../../build/object_detection build --build-base /home/kevin/ros2_airweek/build/object_detection/build install --record /home/kevin/ros2_airweek/build/object_detection/install.log --single-version-externally-managed
