[0.644s] Invoking command in '/home/kevin/ros2_airweek/src/object_detection': PYTHONPATH=/home/kevin/ros2_airweek/build/object_detection/prefix_override:/home/kevin/ros2_airweek/install/object_detection/lib/python3.10/site-packages:${PYTHONPATH} /usr/bin/python3 setup.py egg_info --egg-base ../../build/object_detection build --build-base /home/kevin/ros2_airweek/build/object_detection/build install --record /home/kevin/ros2_airweek/build/object_detection/install.log --single-version-externally-managed
[0.806s] running egg_info
[0.809s] writing ../../build/object_detection/object_detection.egg-info/PKG-INFO
[0.811s] writing dependency_links to ../../build/object_detection/object_detection.egg-info/dependency_links.txt
[0.812s] writing entry points to ../../build/object_detection/object_detection.egg-info/entry_points.txt
[0.812s] writing requirements to ../../build/object_detection/object_detection.egg-info/requires.txt
[0.813s] writing top-level names to ../../build/object_detection/object_detection.egg-info/top_level.txt
[0.823s] reading manifest file '../../build/object_detection/object_detection.egg-info/SOURCES.txt'
[0.828s] writing manifest file '../../build/object_detection/object_detection.egg-info/SOURCES.txt'
[0.828s] running build
[0.828s] running build_py
[0.829s] copying object_detection/image_converter.py -> /home/kevin/ros2_airweek/build/object_detection/build/lib/object_detection
[0.831s] running install
[0.832s] running install_lib
[0.836s] copying /home/kevin/ros2_airweek/build/object_detection/build/lib/object_detection/image_converter.py -> /home/kevin/ros2_airweek/install/object_detection/lib/python3.10/site-packages/object_detection
[0.839s] byte-compiling /home/kevin/ros2_airweek/install/object_detection/lib/python3.10/site-packages/object_detection/image_converter.py to image_converter.cpython-310.pyc
[0.844s] running install_data
[0.847s] running install_egg_info
[0.856s] removing '/home/kevin/ros2_airweek/install/object_detection/lib/python3.10/site-packages/object_detection-0.0.0-py3.10.egg-info' (and everything under it)
[0.858s] Copying ../../build/object_detection/object_detection.egg-info to /home/kevin/ros2_airweek/install/object_detection/lib/python3.10/site-packages/object_detection-0.0.0-py3.10.egg-info
[0.861s] running install_scripts
[0.976s] Installing image_converter script to /home/kevin/ros2_airweek/install/object_detection/lib/object_detection
[0.977s] Installing mmpose script to /home/kevin/ros2_airweek/install/object_detection/lib/object_detection
[0.979s] writing list of installed files to '/home/kevin/ros2_airweek/build/object_detection/install.log'
[1.102s] Invoked command in '/home/kevin/ros2_airweek/src/object_detection' returned '0': PYTHONPATH=/home/kevin/ros2_airweek/build/object_detection/prefix_override:/home/kevin/ros2_airweek/install/object_detection/lib/python3.10/site-packages:${PYTHONPATH} /usr/bin/python3 setup.py egg_info --egg-base ../../build/object_detection build --build-base /home/kevin/ros2_airweek/build/object_detection/build install --record /home/kevin/ros2_airweek/build/object_detection/install.log --single-version-externally-managed
