[1.360s] DEBUG:colcon:Command line arguments: ['/usr/bin/colcon', 'build']
[1.360s] DEBUG:colcon:Parsed command line arguments: Namespace(log_base=None, log_level=None, verb_name='build', build_base='build', install_base='install', merge_install=False, symlink_install=False, test_result_base=None, continue_on_error=False, executor='parallel', parallel_workers=32, event_handlers=None, ignore_user_meta=False, metas=['./colcon.meta'], base_paths=['.'], packages_ignore=None, packages_ignore_regex=None, paths=None, packages_up_to=None, packages_up_to_regex=None, packages_above=None, packages_above_and_dependencies=None, packages_above_depth=None, packages_select_by_dep=None, packages_skip_by_dep=None, packages_skip_up_to=None, packages_select_build_failed=False, packages_skip_build_finished=False, packages_select_test_failures=False, packages_skip_test_passed=False, packages_select=None, packages_skip=None, packages_select_regex=None, packages_skip_regex=None, packages_start=None, packages_end=None, allow_overriding=[], cmake_args=None, cmake_target=None, cmake_target_skip_unavailable=False, cmake_clean_cache=False, cmake_clean_first=False, cmake_force_configure=False, ament_cmake_args=None, catkin_cmake_args=None, catkin_skip_building_tests=False, verb_parser=<colcon_defaults.argument_parser.defaults.DefaultArgumentsDecorator object at 0x7f28a6f503a0>, verb_extension=<colcon_core.verb.build.BuildVerb object at 0x7f28a727e560>, main=<bound method BuildVerb.main of <colcon_core.verb.build.BuildVerb object at 0x7f28a727e560>>)
[1.390s] Level 1:colcon.colcon_core.package_discovery:discover_packages(colcon_meta) check parameters
[1.390s] Level 1:colcon.colcon_core.package_discovery:discover_packages(recursive) check parameters
[1.390s] Level 1:colcon.colcon_core.package_discovery:discover_packages(ignore) check parameters
[1.390s] Level 1:colcon.colcon_core.package_discovery:discover_packages(path) check parameters
[1.390s] Level 1:colcon.colcon_core.package_discovery:discover_packages(colcon_meta) discover
[1.390s] Level 1:colcon.colcon_core.package_discovery:discover_packages(recursive) discover
[1.390s] INFO:colcon.colcon_core.package_discovery:Crawling recursively for packages in '/home/kevin/ros2_airweek'
[1.390s] Level 1:colcon.colcon_core.package_identification:_identify(.) by extensions ['ignore', 'ignore_ament_install']
[1.390s] Level 1:colcon.colcon_core.package_identification:_identify(.) by extension 'ignore'
[1.390s] Level 1:colcon.colcon_core.package_identification:_identify(.) by extension 'ignore_ament_install'
[1.390s] Level 1:colcon.colcon_core.package_identification:_identify(.) by extensions ['colcon_pkg']
[1.390s] Level 1:colcon.colcon_core.package_identification:_identify(.) by extension 'colcon_pkg'
[1.390s] Level 1:colcon.colcon_core.package_identification:_identify(.) by extensions ['colcon_meta']
[1.390s] Level 1:colcon.colcon_core.package_identification:_identify(.) by extension 'colcon_meta'
[1.390s] Level 1:colcon.colcon_core.package_identification:_identify(.) by extensions ['ros']
[1.390s] Level 1:colcon.colcon_core.package_identification:_identify(.) by extension 'ros'
[1.396s] Level 1:colcon.colcon_core.package_identification:_identify(.) by extensions ['cmake', 'python']
[1.396s] Level 1:colcon.colcon_core.package_identification:_identify(.) by extension 'cmake'
[1.396s] Level 1:colcon.colcon_core.package_identification:_identify(.) by extension 'python'
[1.396s] Level 1:colcon.colcon_core.package_identification:_identify(.) by extensions ['python_setup_py']
[1.396s] Level 1:colcon.colcon_core.package_identification:_identify(.) by extension 'python_setup_py'
[1.396s] Level 1:colcon.colcon_core.package_identification:_identify(build) by extensions ['ignore', 'ignore_ament_install']
[1.396s] Level 1:colcon.colcon_core.package_identification:_identify(build) by extension 'ignore'
[1.396s] Level 1:colcon.colcon_core.package_identification:_identify(build) ignored
[1.396s] Level 1:colcon.colcon_core.package_identification:_identify(install) by extensions ['ignore', 'ignore_ament_install']
[1.396s] Level 1:colcon.colcon_core.package_identification:_identify(install) by extension 'ignore'
[1.396s] Level 1:colcon.colcon_core.package_identification:_identify(install) ignored
[1.396s] Level 1:colcon.colcon_core.package_identification:_identify(log) by extensions ['ignore', 'ignore_ament_install']
[1.396s] Level 1:colcon.colcon_core.package_identification:_identify(log) by extension 'ignore'
[1.396s] Level 1:colcon.colcon_core.package_identification:_identify(log) ignored
[1.396s] Level 1:colcon.colcon_core.package_identification:_identify(src) by extensions ['ignore', 'ignore_ament_install']
[1.396s] Level 1:colcon.colcon_core.package_identification:_identify(src) by extension 'ignore'
[1.396s] Level 1:colcon.colcon_core.package_identification:_identify(src) by extension 'ignore_ament_install'
[1.396s] Level 1:colcon.colcon_core.package_identification:_identify(src) by extensions ['colcon_pkg']
[1.396s] Level 1:colcon.colcon_core.package_identification:_identify(src) by extension 'colcon_pkg'
[1.396s] Level 1:colcon.colcon_core.package_identification:_identify(src) by extensions ['colcon_meta']
[1.396s] Level 1:colcon.colcon_core.package_identification:_identify(src) by extension 'colcon_meta'
[1.396s] Level 1:colcon.colcon_core.package_identification:_identify(src) by extensions ['ros']
[1.396s] Level 1:colcon.colcon_core.package_identification:_identify(src) by extension 'ros'
[1.396s] Level 1:colcon.colcon_core.package_identification:_identify(src) by extensions ['cmake', 'python']
[1.396s] Level 1:colcon.colcon_core.package_identification:_identify(src) by extension 'cmake'
[1.396s] Level 1:colcon.colcon_core.package_identification:_identify(src) by extension 'python'
[1.396s] Level 1:colcon.colcon_core.package_identification:_identify(src) by extensions ['python_setup_py']
[1.396s] Level 1:colcon.colcon_core.package_identification:_identify(src) by extension 'python_setup_py'
[1.396s] Level 1:colcon.colcon_core.package_identification:_identify(src/object_detection) by extensions ['ignore', 'ignore_ament_install']
[1.396s] Level 1:colcon.colcon_core.package_identification:_identify(src/object_detection) by extension 'ignore'
[1.396s] Level 1:colcon.colcon_core.package_identification:_identify(src/object_detection) by extension 'ignore_ament_install'
[1.396s] Level 1:colcon.colcon_core.package_identification:_identify(src/object_detection) by extensions ['colcon_pkg']
[1.396s] Level 1:colcon.colcon_core.package_identification:_identify(src/object_detection) by extension 'colcon_pkg'
[1.396s] Level 1:colcon.colcon_core.package_identification:_identify(src/object_detection) by extensions ['colcon_meta']
[1.396s] Level 1:colcon.colcon_core.package_identification:_identify(src/object_detection) by extension 'colcon_meta'
[1.397s] Level 1:colcon.colcon_core.package_identification:_identify(src/object_detection) by extensions ['ros']
[1.397s] Level 1:colcon.colcon_core.package_identification:_identify(src/object_detection) by extension 'ros'
[1.398s] DEBUG:colcon.colcon_core.package_identification:Package 'src/object_detection' with type 'ros.ament_python' and name 'object_detection'
[1.398s] Level 1:colcon.colcon_core.package_discovery:discover_packages(recursive) using defaults
[1.398s] Level 1:colcon.colcon_core.package_discovery:discover_packages(ignore) discover
[1.398s] Level 1:colcon.colcon_core.package_discovery:discover_packages(ignore) using defaults
[1.398s] Level 1:colcon.colcon_core.package_discovery:discover_packages(path) discover
[1.398s] Level 1:colcon.colcon_core.package_discovery:discover_packages(path) using defaults
[1.433s] Level 1:colcon.colcon_core.package_discovery:discover_packages(prefix_path) check parameters
[1.433s] Level 1:colcon.colcon_core.package_discovery:discover_packages(prefix_path) discover
[1.444s] DEBUG:colcon.colcon_installed_package_information.package_discovery:Found 4 installed packages in /home/kevin/ros2_airweek/install
[1.450s] DEBUG:colcon.colcon_installed_package_information.package_discovery:Found 270 installed packages in /opt/ros/humble
[1.450s] Level 1:colcon.colcon_core.package_discovery:discover_packages(prefix_path) using defaults
[1.488s] Level 5:colcon.colcon_core.verb:set package 'object_detection' build argument 'cmake_args' from command line to 'None'
[1.488s] Level 5:colcon.colcon_core.verb:set package 'object_detection' build argument 'cmake_target' from command line to 'None'
[1.488s] Level 5:colcon.colcon_core.verb:set package 'object_detection' build argument 'cmake_target_skip_unavailable' from command line to 'False'
[1.488s] Level 5:colcon.colcon_core.verb:set package 'object_detection' build argument 'cmake_clean_cache' from command line to 'False'
[1.488s] Level 5:colcon.colcon_core.verb:set package 'object_detection' build argument 'cmake_clean_first' from command line to 'False'
[1.488s] Level 5:colcon.colcon_core.verb:set package 'object_detection' build argument 'cmake_force_configure' from command line to 'False'
[1.488s] Level 5:colcon.colcon_core.verb:set package 'object_detection' build argument 'ament_cmake_args' from command line to 'None'
[1.488s] Level 5:colcon.colcon_core.verb:set package 'object_detection' build argument 'catkin_cmake_args' from command line to 'None'
[1.488s] Level 5:colcon.colcon_core.verb:set package 'object_detection' build argument 'catkin_skip_building_tests' from command line to 'False'
[1.488s] DEBUG:colcon.colcon_core.verb:Building package 'object_detection' with the following arguments: {'ament_cmake_args': None, 'build_base': '/home/kevin/ros2_airweek/build/object_detection', 'catkin_cmake_args': None, 'catkin_skip_building_tests': False, 'cmake_args': None, 'cmake_clean_cache': False, 'cmake_clean_first': False, 'cmake_force_configure': False, 'cmake_target': None, 'cmake_target_skip_unavailable': False, 'install_base': '/home/kevin/ros2_airweek/install/object_detection', 'merge_install': False, 'path': '/home/kevin/ros2_airweek/src/object_detection', 'symlink_install': False, 'test_result_base': None}
[1.493s] INFO:colcon.colcon_core.executor:Executing jobs using 'parallel' executor
[1.499s] DEBUG:colcon.colcon_parallel_executor.executor.parallel:run_until_complete
[1.499s] INFO:colcon.colcon_ros.task.ament_python.build:Building ROS package in '/home/kevin/ros2_airweek/src/object_detection' with build type 'ament_python'
[1.499s] Level 1:colcon.colcon_core.shell:create_environment_hook('object_detection', 'ament_prefix_path')
[1.505s] INFO:colcon.colcon_core.plugin_system:Skipping extension 'colcon_core.shell.bat': Not used on non-Windows systems
[1.505s] INFO:colcon.colcon_core.shell:Creating environment hook '/home/kevin/ros2_airweek/install/object_detection/share/object_detection/hook/ament_prefix_path.ps1'
[1.505s] INFO:colcon.colcon_core.shell:Creating environment descriptor '/home/kevin/ros2_airweek/install/object_detection/share/object_detection/hook/ament_prefix_path.dsv'
[1.505s] INFO:colcon.colcon_core.shell:Creating environment hook '/home/kevin/ros2_airweek/install/object_detection/share/object_detection/hook/ament_prefix_path.sh'
[1.511s] INFO:colcon.colcon_core.shell:Skip shell extension 'powershell' for command environment: Not usable outside of PowerShell
[1.511s] DEBUG:colcon.colcon_core.shell:Skip shell extension 'dsv' for command environment
[1.667s] INFO:colcon.colcon_core.task.python.build:Building Python package in '/home/kevin/ros2_airweek/src/object_detection'
[1.672s] INFO:colcon.colcon_core.shell:Skip shell extension 'powershell' for command environment: Not usable outside of PowerShell
[1.672s] DEBUG:colcon.colcon_core.shell:Skip shell extension 'dsv' for command environment
[1.854s] DEBUG:colcon.colcon_core.event_handler.log_command:Invoking command in '/home/kevin/ros2_airweek/src/object_detection': PYTHONPATH=/home/kevin/ros2_airweek/build/object_detection/prefix_override:/home/kevin/ros2_airweek/install/object_detection/lib/python3.10/site-packages:${PYTHONPATH} /usr/bin/python3 setup.py egg_info --egg-base ../../build/object_detection build --build-base /home/kevin/ros2_airweek/build/object_detection/build install --record /home/kevin/ros2_airweek/build/object_detection/install.log --single-version-externally-managed
[1.982s] DEBUG:colcon.colcon_core.event_handler.log_command:Invoked command in '/home/kevin/ros2_airweek/src/object_detection' returned '0': PYTHONPATH=/home/kevin/ros2_airweek/build/object_detection/prefix_override:/home/kevin/ros2_airweek/install/object_detection/lib/python3.10/site-packages:${PYTHONPATH} /usr/bin/python3 setup.py egg_info --egg-base ../../build/object_detection build --build-base /home/kevin/ros2_airweek/build/object_detection/build install --record /home/kevin/ros2_airweek/build/object_detection/install.log --single-version-externally-managed
[1.989s] Level 1:colcon.colcon_core.environment:checking '/home/kevin/ros2_airweek/install/object_detection' for CMake module files
[1.989s] Level 1:colcon.colcon_core.environment:checking '/home/kevin/ros2_airweek/install/object_detection' for CMake config files
[1.989s] Level 1:colcon.colcon_core.environment:checking '/home/kevin/ros2_airweek/install/object_detection/lib'
[1.990s] Level 1:colcon.colcon_core.environment:checking '/home/kevin/ros2_airweek/install/object_detection/bin'
[1.990s] Level 1:colcon.colcon_core.environment:checking '/home/kevin/ros2_airweek/install/object_detection/lib/pkgconfig/object_detection.pc'
[1.990s] Level 1:colcon.colcon_core.environment:checking '/home/kevin/ros2_airweek/install/object_detection/lib/python3.10/site-packages'
[1.990s] Level 1:colcon.colcon_core.shell:create_environment_hook('object_detection', 'pythonpath')
[1.995s] INFO:colcon.colcon_core.shell:Creating environment hook '/home/kevin/ros2_airweek/install/object_detection/share/object_detection/hook/pythonpath.ps1'
[1.995s] INFO:colcon.colcon_core.shell:Creating environment descriptor '/home/kevin/ros2_airweek/install/object_detection/share/object_detection/hook/pythonpath.dsv'
[1.995s] INFO:colcon.colcon_core.shell:Creating environment hook '/home/kevin/ros2_airweek/install/object_detection/share/object_detection/hook/pythonpath.sh'
[1.996s] Level 1:colcon.colcon_core.environment:checking '/home/kevin/ros2_airweek/install/object_detection/bin'
[1.996s] Level 1:colcon.colcon_core.environment:create_environment_scripts_only(object_detection)
[2.001s] INFO:colcon.colcon_core.shell:Creating package script '/home/kevin/ros2_airweek/install/object_detection/share/object_detection/package.ps1'
[2.001s] INFO:colcon.colcon_core.shell:Creating package descriptor '/home/kevin/ros2_airweek/install/object_detection/share/object_detection/package.dsv'
[2.002s] INFO:colcon.colcon_core.shell:Creating package script '/home/kevin/ros2_airweek/install/object_detection/share/object_detection/package.sh'
[2.002s] INFO:colcon.colcon_core.shell:Creating package script '/home/kevin/ros2_airweek/install/object_detection/share/object_detection/package.bash'
[2.002s] INFO:colcon.colcon_core.shell:Creating package script '/home/kevin/ros2_airweek/install/object_detection/share/object_detection/package.zsh'
[2.002s] Level 1:colcon.colcon_core.environment:create_file_with_runtime_dependencies(/home/kevin/ros2_airweek/install/object_detection/share/colcon-core/packages/object_detection)
[2.003s] DEBUG:colcon.colcon_parallel_executor.executor.parallel:closing loop
[2.003s] DEBUG:colcon.colcon_parallel_executor.executor.parallel:loop closed
[2.003s] DEBUG:colcon.colcon_parallel_executor.executor.parallel:run_until_complete finished with '0'
[2.003s] DEBUG:colcon.colcon_core.event_reactor:joining thread
[2.015s] INFO:colcon.colcon_core.plugin_system:Skipping extension 'colcon_notification.desktop_notification.terminal_notifier': Not used on non-Darwin systems
[2.015s] INFO:colcon.colcon_core.plugin_system:Skipping extension 'colcon_notification.desktop_notification.win32': Not used on non-Windows systems
[2.015s] INFO:colcon.colcon_notification.desktop_notification:Sending desktop notification using 'notify2'
[2.023s] DEBUG:colcon.colcon_core.event_reactor:joined thread
[2.028s] INFO:colcon.colcon_core.shell:Creating prefix script '/home/kevin/ros2_airweek/install/local_setup.ps1'
[2.029s] INFO:colcon.colcon_core.shell:Creating prefix util module '/home/kevin/ros2_airweek/install/_local_setup_util_ps1.py'
[2.029s] INFO:colcon.colcon_core.shell:Creating prefix chain script '/home/kevin/ros2_airweek/install/setup.ps1'
[2.036s] INFO:colcon.colcon_core.shell:Creating prefix script '/home/kevin/ros2_airweek/install/local_setup.sh'
[2.036s] INFO:colcon.colcon_core.shell:Creating prefix util module '/home/kevin/ros2_airweek/install/_local_setup_util_sh.py'
[2.036s] INFO:colcon.colcon_core.shell:Creating prefix chain script '/home/kevin/ros2_airweek/install/setup.sh'
[2.042s] INFO:colcon.colcon_core.shell:Creating prefix script '/home/kevin/ros2_airweek/install/local_setup.bash'
[2.043s] INFO:colcon.colcon_core.shell:Creating prefix chain script '/home/kevin/ros2_airweek/install/setup.bash'
[2.049s] INFO:colcon.colcon_core.shell:Creating prefix script '/home/kevin/ros2_airweek/install/local_setup.zsh'
[2.049s] INFO:colcon.colcon_core.shell:Creating prefix chain script '/home/kevin/ros2_airweek/install/setup.zsh'
