[0.623s] Invoking command in '/home/kevin/ros2_airweek/src/object_detection': PYTHONPATH=/home/kevin/ros2_airweek/build/object_detection/prefix_override:/home/kevin/ros2_airweek/install/object_detection/lib/python3.10/site-packages:${PYTHONPATH} /usr/bin/python3 setup.py egg_info --egg-base ../../build/object_detection build --build-base /home/kevin/ros2_airweek/build/object_detection/build install --record /home/kevin/ros2_airweek/build/object_detection/install.log --single-version-externally-managed
[0.769s] running egg_info
[0.770s] writing ../../build/object_detection/object_detection.egg-info/PKG-INFO
[0.770s] writing dependency_links to ../../build/object_detection/object_detection.egg-info/dependency_links.txt
[0.770s] writing entry points to ../../build/object_detection/object_detection.egg-info/entry_points.txt
[0.770s] writing requirements to ../../build/object_detection/object_detection.egg-info/requires.txt
[0.770s] writing top-level names to ../../build/object_detection/object_detection.egg-info/top_level.txt
[0.771s] reading manifest file '../../build/object_detection/object_detection.egg-info/SOURCES.txt'
[0.771s] writing manifest file '../../build/object_detection/object_detection.egg-info/SOURCES.txt'
[0.771s] running build
[0.771s] running build_py
[0.771s] copying object_detection/image_converter_openpifpaf.py -> /home/kevin/ros2_airweek/build/object_detection/build/lib/object_detection
[0.771s] copying object_detection/image_converter_yolo.py -> /home/kevin/ros2_airweek/build/object_detection/build/lib/object_detection
[0.771s] running install
[0.771s] running install_lib
[0.772s] copying /home/kevin/ros2_airweek/build/object_detection/build/lib/object_detection/image_converter_openpifpaf.py -> /home/kevin/ros2_airweek/install/object_detection/lib/python3.10/site-packages/object_detection
[0.772s] copying /home/kevin/ros2_airweek/build/object_detection/build/lib/object_detection/image_converter_yolo.py -> /home/kevin/ros2_airweek/install/object_detection/lib/python3.10/site-packages/object_detection
[0.772s] byte-compiling /home/kevin/ros2_airweek/install/object_detection/lib/python3.10/site-packages/object_detection/image_converter_openpifpaf.py to image_converter_openpifpaf.cpython-310.pyc
[0.773s] byte-compiling /home/kevin/ros2_airweek/install/object_detection/lib/python3.10/site-packages/object_detection/image_converter_yolo.py to image_converter_yolo.cpython-310.pyc
[0.773s] running install_data
[0.773s] running install_egg_info
[0.774s] removing '/home/kevin/ros2_airweek/install/object_detection/lib/python3.10/site-packages/object_detection-0.0.0-py3.10.egg-info' (and everything under it)
[0.774s] Copying ../../build/object_detection/object_detection.egg-info to /home/kevin/ros2_airweek/install/object_detection/lib/python3.10/site-packages/object_detection-0.0.0-py3.10.egg-info
[0.775s] running install_scripts
[0.785s] Installing image_converter_openpifpaf script to /home/kevin/ros2_airweek/install/object_detection/lib/object_detection
[0.785s] Installing image_converter_yolo script to /home/kevin/ros2_airweek/install/object_detection/lib/object_detection
[0.785s] writing list of installed files to '/home/kevin/ros2_airweek/build/object_detection/install.log'
[0.798s] Invoked command in '/home/kevin/ros2_airweek/src/object_detection' returned '0': PYTHONPATH=/home/kevin/ros2_airweek/build/object_detection/prefix_override:/home/kevin/ros2_airweek/install/object_detection/lib/python3.10/site-packages:${PYTHONPATH} /usr/bin/python3 setup.py egg_info --egg-base ../../build/object_detection build --build-base /home/kevin/ros2_airweek/build/object_detection/build install --record /home/kevin/ros2_airweek/build/object_detection/install.log --single-version-externally-managed
