[1.441s] Invoking command in '/home/kevin/ros2_airweek/src/object_detection': PYTHONPATH=/home/kevin/ros2_airweek/build/object_detection/prefix_override:/home/kevin/ros2_airweek/install/object_detection/lib/python3.10/site-packages:${PYTHONPATH} /usr/bin/python3 setup.py egg_info --egg-base ../../build/object_detection build --build-base /home/kevin/ros2_airweek/build/object_detection/build install --record /home/kevin/ros2_airweek/build/object_detection/install.log --single-version-externally-managed
[1.580s] running egg_info
[1.581s] writing ../../build/object_detection/object_detection.egg-info/PKG-INFO
[1.581s] writing dependency_links to ../../build/object_detection/object_detection.egg-info/dependency_links.txt
[1.581s] writing entry points to ../../build/object_detection/object_detection.egg-info/entry_points.txt
[1.581s] writing requirements to ../../build/object_detection/object_detection.egg-info/requires.txt
[1.581s] writing top-level names to ../../build/object_detection/object_detection.egg-info/top_level.txt
[1.582s] reading manifest file '../../build/object_detection/object_detection.egg-info/SOURCES.txt'
[1.582s] writing manifest file '../../build/object_detection/object_detection.egg-info/SOURCES.txt'
[1.582s] running build
[1.582s] running build_py
[1.582s] running install
[1.582s] running install_lib
[1.583s] running install_data
[1.583s] running install_egg_info
[1.584s] removing '/home/kevin/ros2_airweek/install/object_detection/lib/python3.10/site-packages/object_detection-0.0.0-py3.10.egg-info' (and everything under it)
[1.584s] Copying ../../build/object_detection/object_detection.egg-info to /home/kevin/ros2_airweek/install/object_detection/lib/python3.10/site-packages/object_detection-0.0.0-py3.10.egg-info
[1.584s] running install_scripts
[1.596s] writing list of installed files to '/home/kevin/ros2_airweek/build/object_detection/install.log'
[1.608s] Invoked command in '/home/kevin/ros2_airweek/src/object_detection' returned '0': PYTHONPATH=/home/kevin/ros2_airweek/build/object_detection/prefix_override:/home/kevin/ros2_airweek/install/object_detection/lib/python3.10/site-packages:${PYTHONPATH} /usr/bin/python3 setup.py egg_info --egg-base ../../build/object_detection build --build-base /home/kevin/ros2_airweek/build/object_detection/build install --record /home/kevin/ros2_airweek/build/object_detection/install.log --single-version-externally-managed
