[2.942s] Invoking command in '/home/kevin/ros2_airweek/src/object_detection': PYTHONPATH=/home/kevin/ros2_airweek/build/object_detection/prefix_override:/home/kevin/ros2_airweek/install/object_detection/lib/python3.10/site-packages:${PYTHONPATH} /usr/bin/python3 setup.py egg_info --egg-base ../../build/object_detection build --build-base /home/kevin/ros2_airweek/build/object_detection/build install --record /home/kevin/ros2_airweek/build/object_detection/install.log --single-version-externally-managed
[3.989s] running egg_info
[3.994s] writing ../../build/object_detection/object_detection.egg-info/PKG-INFO
[3.995s] writing dependency_links to ../../build/object_detection/object_detection.egg-info/dependency_links.txt
[3.995s] writing entry points to ../../build/object_detection/object_detection.egg-info/entry_points.txt
[3.995s] writing requirements to ../../build/object_detection/object_detection.egg-info/requires.txt
[3.996s] writing top-level names to ../../build/object_detection/object_detection.egg-info/top_level.txt
[4.005s] reading manifest file '../../build/object_detection/object_detection.egg-info/SOURCES.txt'
[4.010s] writing manifest file '../../build/object_detection/object_detection.egg-info/SOURCES.txt'
[4.011s] running build
[4.012s] running build_py
[4.013s] copying object_detection/image_converter.py -> /home/kevin/ros2_airweek/build/object_detection/build/lib/object_detection
[4.013s] running install
[4.015s] running install_lib
[4.018s] copying /home/kevin/ros2_airweek/build/object_detection/build/lib/object_detection/image_converter.py -> /home/kevin/ros2_airweek/install/object_detection/lib/python3.10/site-packages/object_detection
[4.021s] byte-compiling /home/kevin/ros2_airweek/install/object_detection/lib/python3.10/site-packages/object_detection/image_converter.py to image_converter.cpython-310.pyc
[4.027s] running install_data
[4.030s] running install_egg_info
[4.031s] removing '/home/kevin/ros2_airweek/install/object_detection/lib/python3.10/site-packages/object_detection-0.0.0-py3.10.egg-info' (and everything under it)
[4.031s] Copying ../../build/object_detection/object_detection.egg-info to /home/kevin/ros2_airweek/install/object_detection/lib/python3.10/site-packages/object_detection-0.0.0-py3.10.egg-info
[4.031s] running install_scripts
[4.041s] Installing image_converter script to /home/kevin/ros2_airweek/install/object_detection/lib/object_detection
[4.041s] writing list of installed files to '/home/kevin/ros2_airweek/build/object_detection/install.log'
[4.052s] Invoked command in '/home/kevin/ros2_airweek/src/object_detection' returned '0': PYTHONPATH=/home/kevin/ros2_airweek/build/object_detection/prefix_override:/home/kevin/ros2_airweek/install/object_detection/lib/python3.10/site-packages:${PYTHONPATH} /usr/bin/python3 setup.py egg_info --egg-base ../../build/object_detection build --build-base /home/kevin/ros2_airweek/build/object_detection/build install --record /home/kevin/ros2_airweek/build/object_detection/install.log --single-version-externally-managed
