[0.347s] Invoking command in '/home/kevin/ros2_airweek/src/object_detection': PYTHONPATH=/home/kevin/ros2_airweek/build/object_detection/prefix_override:/home/kevin/ros2_airweek/install/object_detection/lib/python3.10/site-packages:${PYTHONPATH} /usr/bin/python3 setup.py egg_info --egg-base ../../build/object_detection build --build-base /home/kevin/ros2_airweek/build/object_detection/build install --record /home/kevin/ros2_airweek/build/object_detection/install.log --single-version-externally-managed
[0.450s] running egg_info
[0.451s] writing ../../build/object_detection/object_detection.egg-info/PKG-INFO
[0.451s] writing dependency_links to ../../build/object_detection/object_detection.egg-info/dependency_links.txt
[0.451s] writing entry points to ../../build/object_detection/object_detection.egg-info/entry_points.txt
[0.451s] writing requirements to ../../build/object_detection/object_detection.egg-info/requires.txt
[0.451s] writing top-level names to ../../build/object_detection/object_detection.egg-info/top_level.txt
[0.452s] reading manifest file '../../build/object_detection/object_detection.egg-info/SOURCES.txt'
[0.452s] writing manifest file '../../build/object_detection/object_detection.egg-info/SOURCES.txt'
[0.452s] running build
[0.452s] running build_py
[0.452s] copying object_detection/image_converter.py -> /home/kevin/ros2_airweek/build/object_detection/build/lib/object_detection
[0.452s] running install
[0.452s] running install_lib
[0.453s] copying /home/kevin/ros2_airweek/build/object_detection/build/lib/object_detection/image_converter.py -> /home/kevin/ros2_airweek/install/object_detection/lib/python3.10/site-packages/object_detection
[0.453s] byte-compiling /home/kevin/ros2_airweek/install/object_detection/lib/python3.10/site-packages/object_detection/image_converter.py to image_converter.cpython-310.pyc
[0.453s] Sorry: TabError: inconsistent use of tabs and spaces in indentation (image_converter.py, line 39)
[0.453s] running install_data
[0.453s] running install_egg_info
[0.454s] removing '/home/kevin/ros2_airweek/install/object_detection/lib/python3.10/site-packages/object_detection-0.0.0-py3.10.egg-info' (and everything under it)
[0.454s] Copying ../../build/object_detection/object_detection.egg-info to /home/kevin/ros2_airweek/install/object_detection/lib/python3.10/site-packages/object_detection-0.0.0-py3.10.egg-info
[0.454s] running install_scripts
[0.463s] Installing image_converter script to /home/kevin/ros2_airweek/install/object_detection/lib/object_detection
[0.464s] writing list of installed files to '/home/kevin/ros2_airweek/build/object_detection/install.log'
[0.475s] Invoked command in '/home/kevin/ros2_airweek/src/object_detection' returned '0': PYTHONPATH=/home/kevin/ros2_airweek/build/object_detection/prefix_override:/home/kevin/ros2_airweek/install/object_detection/lib/python3.10/site-packages:${PYTHONPATH} /usr/bin/python3 setup.py egg_info --egg-base ../../build/object_detection build --build-base /home/kevin/ros2_airweek/build/object_detection/build install --record /home/kevin/ros2_airweek/build/object_detection/install.log --single-version-externally-managed
