[0.656s] Invoking command in '/home/kevin/ros2_airweek/src/mmpose': CONDA_PROMPT_MODIFIER=(base) PYTHONPATH=/home/kevin/ros2_airweek/build/mmpose/prefix_override:/home/kevin/ros2_airweek/install/mmpose/lib/python3.10/site-packages:${PYTHONPATH} /usr/bin/python3 setup.py egg_info --egg-base ../../build/mmpose build --build-base /home/kevin/ros2_airweek/build/mmpose/build install --record /home/kevin/ros2_airweek/build/mmpose/install.log --single-version-externally-managed
[0.804s] running egg_info
[0.804s] creating ../../build/mmpose/mmpose.egg-info
[0.804s] writing ../../build/mmpose/mmpose.egg-info/PKG-INFO
[0.805s] writing dependency_links to ../../build/mmpose/mmpose.egg-info/dependency_links.txt
[0.805s] writing entry points to ../../build/mmpose/mmpose.egg-info/entry_points.txt
[0.805s] writing requirements to ../../build/mmpose/mmpose.egg-info/requires.txt
[0.805s] writing top-level names to ../../build/mmpose/mmpose.egg-info/top_level.txt
[0.805s] writing manifest file '../../build/mmpose/mmpose.egg-info/SOURCES.txt'
[0.805s] reading manifest file '../../build/mmpose/mmpose.egg-info/SOURCES.txt'
[0.806s] writing manifest file '../../build/mmpose/mmpose.egg-info/SOURCES.txt'
[0.806s] running build
[0.806s] running build_py
[0.806s] creating /home/kevin/ros2_airweek/build/mmpose/build
[0.806s] creating /home/kevin/ros2_airweek/build/mmpose/build/lib
[0.806s] creating /home/kevin/ros2_airweek/build/mmpose/build/lib/mmpose
[0.806s] copying mmpose/__init__.py -> /home/kevin/ros2_airweek/build/mmpose/build/lib/mmpose
[0.806s] running install
[0.806s] running install_lib
[0.806s] creating /home/kevin/ros2_airweek/install/mmpose/lib/python3.10/site-packages/mmpose
[0.806s] copying /home/kevin/ros2_airweek/build/mmpose/build/lib/mmpose/__init__.py -> /home/kevin/ros2_airweek/install/mmpose/lib/python3.10/site-packages/mmpose
[0.807s] byte-compiling /home/kevin/ros2_airweek/install/mmpose/lib/python3.10/site-packages/mmpose/__init__.py to __init__.cpython-310.pyc
[0.807s] running install_data
[0.807s] creating /home/kevin/ros2_airweek/install/mmpose/share/ament_index
[0.807s] creating /home/kevin/ros2_airweek/install/mmpose/share/ament_index/resource_index
[0.807s] creating /home/kevin/ros2_airweek/install/mmpose/share/ament_index/resource_index/packages
[0.807s] copying resource/mmpose -> /home/kevin/ros2_airweek/install/mmpose/share/ament_index/resource_index/packages
[0.807s] copying package.xml -> /home/kevin/ros2_airweek/install/mmpose/share/mmpose
[0.807s] running install_egg_info
[0.808s] Copying ../../build/mmpose/mmpose.egg-info to /home/kevin/ros2_airweek/install/mmpose/lib/python3.10/site-packages/mmpose-0.0.0-py3.10.egg-info
[0.808s] running install_scripts
[0.819s] writing list of installed files to '/home/kevin/ros2_airweek/build/mmpose/install.log'
[0.831s] Invoked command in '/home/kevin/ros2_airweek/src/mmpose' returned '0': CONDA_PROMPT_MODIFIER=(base) PYTHONPATH=/home/kevin/ros2_airweek/build/mmpose/prefix_override:/home/kevin/ros2_airweek/install/mmpose/lib/python3.10/site-packages:${PYTHONPATH} /usr/bin/python3 setup.py egg_info --egg-base ../../build/mmpose build --build-base /home/kevin/ros2_airweek/build/mmpose/build install --record /home/kevin/ros2_airweek/build/mmpose/install.log --single-version-externally-managed
