[0.323s] Invoking command in '/home/kevin/ros2_airweek/src/object_detection': PYTHONPATH=/home/kevin/ros2_airweek/build/object_detection/prefix_override:/home/kevin/ros2_airweek/install/object_detection/lib/python3.10/site-packages:${PYTHONPATH} /usr/bin/python3 setup.py egg_info --egg-base ../../build/object_detection build --build-base /home/kevin/ros2_airweek/build/object_detection/build install --record /home/kevin/ros2_airweek/build/object_detection/install.log --single-version-externally-managed
[1.247s] running egg_info
[1.250s] writing ../../build/object_detection/object_detection.egg-info/PKG-INFO
[1.253s] writing dependency_links to ../../build/object_detection/object_detection.egg-info/dependency_links.txt
[1.253s] writing entry points to ../../build/object_detection/object_detection.egg-info/entry_points.txt
[1.254s] writing requirements to ../../build/object_detection/object_detection.egg-info/requires.txt
[1.254s] writing top-level names to ../../build/object_detection/object_detection.egg-info/top_level.txt
[1.262s] reading manifest file '../../build/object_detection/object_detection.egg-info/SOURCES.txt'
[1.267s] writing manifest file '../../build/object_detection/object_detection.egg-info/SOURCES.txt'
[1.268s] running build
[1.268s] running build_py
[1.268s] copying object_detection/image_converter.py -> /home/kevin/ros2_airweek/build/object_detection/build/lib/object_detection
[1.270s] running install
[1.271s] running install_lib
[1.275s] copying /home/kevin/ros2_airweek/build/object_detection/build/lib/object_detection/image_converter.py -> /home/kevin/ros2_airweek/install/object_detection/lib/python3.10/site-packages/object_detection
[1.278s] byte-compiling /home/kevin/ros2_airweek/install/object_detection/lib/python3.10/site-packages/object_detection/image_converter.py to image_converter.cpython-310.pyc
[1.284s] running install_data
[1.286s] running install_egg_info
[1.295s] removing '/home/kevin/ros2_airweek/install/object_detection/lib/python3.10/site-packages/object_detection-0.0.0-py3.10.egg-info' (and everything under it)
[1.297s] Copying ../../build/object_detection/object_detection.egg-info to /home/kevin/ros2_airweek/install/object_detection/lib/python3.10/site-packages/object_detection-0.0.0-py3.10.egg-info
[1.300s] running install_scripts
[1.310s] Installing image_converter script to /home/kevin/ros2_airweek/install/object_detection/lib/object_detection
[1.310s] writing list of installed files to '/home/kevin/ros2_airweek/build/object_detection/install.log'
[1.321s] Invoked command in '/home/kevin/ros2_airweek/src/object_detection' returned '0': PYTHONPATH=/home/kevin/ros2_airweek/build/object_detection/prefix_override:/home/kevin/ros2_airweek/install/object_detection/lib/python3.10/site-packages:${PYTHONPATH} /usr/bin/python3 setup.py egg_info --egg-base ../../build/object_detection build --build-base /home/kevin/ros2_airweek/build/object_detection/build install --record /home/kevin/ros2_airweek/build/object_detection/install.log --single-version-externally-managed
