[0.328s] Invoking command in '/home/kevin/ros2_airweek/src/object_detection': PYTHONPATH=/home/kevin/ros2_airweek/build/object_detection/prefix_override:/home/kevin/ros2_airweek/install/object_detection/lib/python3.10/site-packages:${PYTHONPATH} /usr/bin/python3 setup.py egg_info --egg-base ../../build/object_detection build --build-base /home/kevin/ros2_airweek/build/object_detection/build install --record /home/kevin/ros2_airweek/build/object_detection/install.log --single-version-externally-managed
[1.016s] running egg_info
[1.020s] writing ../../build/object_detection/object_detection.egg-info/PKG-INFO
[1.021s] writing dependency_links to ../../build/object_detection/object_detection.egg-info/dependency_links.txt
[1.022s] writing entry points to ../../build/object_detection/object_detection.egg-info/entry_points.txt
[1.023s] writing requirements to ../../build/object_detection/object_detection.egg-info/requires.txt
[1.023s] writing top-level names to ../../build/object_detection/object_detection.egg-info/top_level.txt
[1.031s] reading manifest file '../../build/object_detection/object_detection.egg-info/SOURCES.txt'
[1.036s] writing manifest file '../../build/object_detection/object_detection.egg-info/SOURCES.txt'
[1.037s] running build
[1.038s] running build_py
[1.039s] copying object_detection/image_converter.py -> /home/kevin/ros2_airweek/build/object_detection/build/lib/object_detection
[1.039s] running install
[1.040s] running install_lib
[1.044s] copying /home/kevin/ros2_airweek/build/object_detection/build/lib/object_detection/image_converter.py -> /home/kevin/ros2_airweek/install/object_detection/lib/python3.10/site-packages/object_detection
[1.047s] byte-compiling /home/kevin/ros2_airweek/install/object_detection/lib/python3.10/site-packages/object_detection/image_converter.py to image_converter.cpython-310.pyc
[1.051s] running install_data
[1.054s] running install_egg_info
[1.063s] removing '/home/kevin/ros2_airweek/install/object_detection/lib/python3.10/site-packages/object_detection-0.0.0-py3.10.egg-info' (and everything under it)
[1.064s] Copying ../../build/object_detection/object_detection.egg-info to /home/kevin/ros2_airweek/install/object_detection/lib/python3.10/site-packages/object_detection-0.0.0-py3.10.egg-info
[1.067s] running install_scripts
[1.181s] Installing image_converter script to /home/kevin/ros2_airweek/install/object_detection/lib/object_detection
[1.182s] writing list of installed files to '/home/kevin/ros2_airweek/build/object_detection/install.log'
[1.302s] Invoked command in '/home/kevin/ros2_airweek/src/object_detection' returned '0': PYTHONPATH=/home/kevin/ros2_airweek/build/object_detection/prefix_override:/home/kevin/ros2_airweek/install/object_detection/lib/python3.10/site-packages:${PYTHONPATH} /usr/bin/python3 setup.py egg_info --egg-base ../../build/object_detection build --build-base /home/kevin/ros2_airweek/build/object_detection/build install --record /home/kevin/ros2_airweek/build/object_detection/install.log --single-version-externally-managed
