[3.239s] Invoking command in '/home/kevin/ros2_airweek/src/mmpose': PYTHONPATH=/home/kevin/ros2_airweek/build/mmpose/prefix_override:/home/kevin/ros2_airweek/install/mmpose/lib/python3.10/site-packages:${PYTHONPATH} /usr/bin/python3 setup.py egg_info --egg-base ../../build/mmpose build --build-base /home/kevin/ros2_airweek/build/mmpose/build install --record /home/kevin/ros2_airweek/build/mmpose/install.log --single-version-externally-managed
[3.460s] running egg_info
[3.460s] writing ../../build/mmpose/mmpose.egg-info/PKG-INFO
[3.460s] writing dependency_links to ../../build/mmpose/mmpose.egg-info/dependency_links.txt
[3.460s] writing entry points to ../../build/mmpose/mmpose.egg-info/entry_points.txt
[3.460s] writing requirements to ../../build/mmpose/mmpose.egg-info/requires.txt
[3.460s] writing top-level names to ../../build/mmpose/mmpose.egg-info/top_level.txt
[3.461s] reading manifest file '../../build/mmpose/mmpose.egg-info/SOURCES.txt'
[3.461s] writing manifest file '../../build/mmpose/mmpose.egg-info/SOURCES.txt'
[3.461s] running build
[3.461s] running build_py
[3.461s] running install
[3.461s] running install_lib
[3.462s] running install_data
[3.462s] running install_egg_info
[3.463s] removing '/home/kevin/ros2_airweek/install/mmpose/lib/python3.10/site-packages/mmpose-0.0.0-py3.10.egg-info' (and everything under it)
[3.463s] Copying ../../build/mmpose/mmpose.egg-info to /home/kevin/ros2_airweek/install/mmpose/lib/python3.10/site-packages/mmpose-0.0.0-py3.10.egg-info
[3.463s] running install_scripts
[3.473s] writing list of installed files to '/home/kevin/ros2_airweek/build/mmpose/install.log'
[3.484s] Invoked command in '/home/kevin/ros2_airweek/src/mmpose' returned '0': PYTHONPATH=/home/kevin/ros2_airweek/build/mmpose/prefix_override:/home/kevin/ros2_airweek/install/mmpose/lib/python3.10/site-packages:${PYTHONPATH} /usr/bin/python3 setup.py egg_info --egg-base ../../build/mmpose build --build-base /home/kevin/ros2_airweek/build/mmpose/build install --record /home/kevin/ros2_airweek/build/mmpose/install.log --single-version-externally-managed
