[1.211s] Invoking command in '/home/kevin/ros2_airweek/src/mmpose': PYTHONPATH=/home/kevin/ros2_airweek/build/mmpose/prefix_override:/home/kevin/ros2_airweek/install/mmpose/lib/python3.10/site-packages:${PYTHONPATH} /usr/bin/python3 setup.py egg_info --egg-base ../../build/mmpose build --build-base /home/kevin/ros2_airweek/build/mmpose/build install --record /home/kevin/ros2_airweek/build/mmpose/install.log --single-version-externally-managed
[2.025s] running egg_info
[2.029s] writing ../../build/mmpose/mmpose.egg-info/PKG-INFO
[2.030s] writing dependency_links to ../../build/mmpose/mmpose.egg-info/dependency_links.txt
[2.031s] writing entry points to ../../build/mmpose/mmpose.egg-info/entry_points.txt
[2.031s] writing requirements to ../../build/mmpose/mmpose.egg-info/requires.txt
[2.032s] writing top-level names to ../../build/mmpose/mmpose.egg-info/top_level.txt
[2.041s] reading manifest file '../../build/mmpose/mmpose.egg-info/SOURCES.txt'
[2.045s] writing manifest file '../../build/mmpose/mmpose.egg-info/SOURCES.txt'
[2.046s] running build
[2.047s] running build_py
[2.047s] running install
[2.048s] running install_lib
[2.054s] running install_data
[2.056s] running install_egg_info
[2.065s] removing '/home/kevin/ros2_airweek/install/mmpose/lib/python3.10/site-packages/mmpose-0.0.0-py3.10.egg-info' (and everything under it)
[2.067s] Copying ../../build/mmpose/mmpose.egg-info to /home/kevin/ros2_airweek/install/mmpose/lib/python3.10/site-packages/mmpose-0.0.0-py3.10.egg-info
[2.070s] running install_scripts
[2.185s] writing list of installed files to '/home/kevin/ros2_airweek/build/mmpose/install.log'
[2.312s] Invoked command in '/home/kevin/ros2_airweek/src/mmpose' returned '0': PYTHONPATH=/home/kevin/ros2_airweek/build/mmpose/prefix_override:/home/kevin/ros2_airweek/install/mmpose/lib/python3.10/site-packages:${PYTHONPATH} /usr/bin/python3 setup.py egg_info --egg-base ../../build/mmpose build --build-base /home/kevin/ros2_airweek/build/mmpose/build install --record /home/kevin/ros2_airweek/build/mmpose/install.log --single-version-externally-managed
