[0.660s] Invoking command in '/home/kevin/ros2_airweek/src/mmpose': PYTHONPATH=/home/kevin/ros2_airweek/build/mmpose/prefix_override:/home/kevin/ros2_airweek/install/mmpose/lib/python3.10/site-packages:${PYTHONPATH} /usr/bin/python3 setup.py egg_info --egg-base ../../build/mmpose build --build-base /home/kevin/ros2_airweek/build/mmpose/build install --record /home/kevin/ros2_airweek/build/mmpose/install.log --single-version-externally-managed
[0.795s] running egg_info
[0.795s] writing ../../build/mmpose/mmpose.egg-info/PKG-INFO
[0.796s] writing dependency_links to ../../build/mmpose/mmpose.egg-info/dependency_links.txt
[0.796s] writing entry points to ../../build/mmpose/mmpose.egg-info/entry_points.txt
[0.796s] writing requirements to ../../build/mmpose/mmpose.egg-info/requires.txt
[0.796s] writing top-level names to ../../build/mmpose/mmpose.egg-info/top_level.txt
[0.796s] reading manifest file '../../build/mmpose/mmpose.egg-info/SOURCES.txt'
[0.797s] writing manifest file '../../build/mmpose/mmpose.egg-info/SOURCES.txt'
[0.797s] running build
[0.797s] running build_py
[0.797s] running install
[0.797s] running install_lib
[0.798s] running install_data
[0.798s] running install_egg_info
[0.799s] removing '/home/kevin/ros2_airweek/install/mmpose/lib/python3.10/site-packages/mmpose-0.0.0-py3.10.egg-info' (and everything under it)
[0.799s] Copying ../../build/mmpose/mmpose.egg-info to /home/kevin/ros2_airweek/install/mmpose/lib/python3.10/site-packages/mmpose-0.0.0-py3.10.egg-info
[0.799s] running install_scripts
[0.811s] writing list of installed files to '/home/kevin/ros2_airweek/build/mmpose/install.log'
[0.825s] Invoked command in '/home/kevin/ros2_airweek/src/mmpose' returned '0': PYTHONPATH=/home/kevin/ros2_airweek/build/mmpose/prefix_override:/home/kevin/ros2_airweek/install/mmpose/lib/python3.10/site-packages:${PYTHONPATH} /usr/bin/python3 setup.py egg_info --egg-base ../../build/mmpose build --build-base /home/kevin/ros2_airweek/build/mmpose/build install --record /home/kevin/ros2_airweek/build/mmpose/install.log --single-version-externally-managed
