[0.323s] Invoking command in '/home/kevin/ros2_airweek/src/object_detection': PYTHONPATH=/home/kevin/ros2_airweek/build/object_detection/prefix_override:/home/kevin/ros2_airweek/install/object_detection/lib/python3.10/site-packages:${PYTHONPATH} /usr/bin/python3 setup.py egg_info --egg-base ../../build/object_detection build --build-base /home/kevin/ros2_airweek/build/object_detection/build install --record /home/kevin/ros2_airweek/build/object_detection/install.log --single-version-externally-managed
[0.801s] running egg_info
[0.804s] writing ../../build/object_detection/object_detection.egg-info/PKG-INFO
[0.805s] writing dependency_links to ../../build/object_detection/object_detection.egg-info/dependency_links.txt
[0.806s] writing entry points to ../../build/object_detection/object_detection.egg-info/entry_points.txt
[0.807s] writing requirements to ../../build/object_detection/object_detection.egg-info/requires.txt
[0.808s] writing top-level names to ../../build/object_detection/object_detection.egg-info/top_level.txt
[0.815s] reading manifest file '../../build/object_detection/object_detection.egg-info/SOURCES.txt'
[0.820s] writing manifest file '../../build/object_detection/object_detection.egg-info/SOURCES.txt'
[0.821s] running build
[0.822s] running build_py
[0.823s] copying object_detection/image_converter.py -> /home/kevin/ros2_airweek/build/object_detection/build/lib/object_detection
[0.823s] running install
[0.824s] running install_lib
[0.828s] copying /home/kevin/ros2_airweek/build/object_detection/build/lib/object_detection/image_converter.py -> /home/kevin/ros2_airweek/install/object_detection/lib/python3.10/site-packages/object_detection
[0.831s] byte-compiling /home/kevin/ros2_airweek/install/object_detection/lib/python3.10/site-packages/object_detection/image_converter.py to image_converter.cpython-310.pyc
[0.835s] running install_data
[0.837s] running install_egg_info
[0.846s] removing '/home/kevin/ros2_airweek/install/object_detection/lib/python3.10/site-packages/object_detection-0.0.0-py3.10.egg-info' (and everything under it)
[0.848s] Copying ../../build/object_detection/object_detection.egg-info to /home/kevin/ros2_airweek/install/object_detection/lib/python3.10/site-packages/object_detection-0.0.0-py3.10.egg-info
[0.851s] running install_scripts
[0.965s] Installing image_converter script to /home/kevin/ros2_airweek/install/object_detection/lib/object_detection
[0.968s] writing list of installed files to '/home/kevin/ros2_airweek/build/object_detection/install.log'
[1.087s] Invoked command in '/home/kevin/ros2_airweek/src/object_detection' returned '0': PYTHONPATH=/home/kevin/ros2_airweek/build/object_detection/prefix_override:/home/kevin/ros2_airweek/install/object_detection/lib/python3.10/site-packages:${PYTHONPATH} /usr/bin/python3 setup.py egg_info --egg-base ../../build/object_detection build --build-base /home/kevin/ros2_airweek/build/object_detection/build install --record /home/kevin/ros2_airweek/build/object_detection/install.log --single-version-externally-managed
