[1.281s] Invoking command in '/home/kevin/ros2_airweek/src/mmpose': PYTHONPATH=/home/kevin/ros2_airweek/build/mmpose/prefix_override:/home/kevin/ros2_airweek/install/mmpose/lib/python3.10/site-packages:${PYTHONPATH} /usr/bin/python3 setup.py egg_info --egg-base ../../build/mmpose build --build-base /home/kevin/ros2_airweek/build/mmpose/build install --record /home/kevin/ros2_airweek/build/mmpose/install.log --single-version-externally-managed
[1.989s] running egg_info
[1.992s] writing ../../build/mmpose/mmpose.egg-info/PKG-INFO
[1.993s] writing dependency_links to ../../build/mmpose/mmpose.egg-info/dependency_links.txt
[1.994s] writing entry points to ../../build/mmpose/mmpose.egg-info/entry_points.txt
[1.994s] writing requirements to ../../build/mmpose/mmpose.egg-info/requires.txt
[1.995s] writing top-level names to ../../build/mmpose/mmpose.egg-info/top_level.txt
[2.005s] reading manifest file '../../build/mmpose/mmpose.egg-info/SOURCES.txt'
[2.009s] writing manifest file '../../build/mmpose/mmpose.egg-info/SOURCES.txt'
[2.010s] running build
[2.010s] running build_py
[2.011s] running install
[2.012s] running install_lib
[2.018s] running install_data
[2.021s] running install_egg_info
[2.030s] removing '/home/kevin/ros2_airweek/install/mmpose/lib/python3.10/site-packages/mmpose-0.0.0-py3.10.egg-info' (and everything under it)
[2.031s] Copying ../../build/mmpose/mmpose.egg-info to /home/kevin/ros2_airweek/install/mmpose/lib/python3.10/site-packages/mmpose-0.0.0-py3.10.egg-info
[2.034s] running install_scripts
[2.149s] writing list of installed files to '/home/kevin/ros2_airweek/build/mmpose/install.log'
[2.275s] Invoked command in '/home/kevin/ros2_airweek/src/mmpose' returned '0': PYTHONPATH=/home/kevin/ros2_airweek/build/mmpose/prefix_override:/home/kevin/ros2_airweek/install/mmpose/lib/python3.10/site-packages:${PYTHONPATH} /usr/bin/python3 setup.py egg_info --egg-base ../../build/mmpose build --build-base /home/kevin/ros2_airweek/build/mmpose/build install --record /home/kevin/ros2_airweek/build/mmpose/install.log --single-version-externally-managed
