[1.440s] Invoking command in '/home/kevin/ros2_airweek/src/yolov8_ros/yolov8_ros': PYTHONPATH=/home/kevin/ros2_airweek/build/yolov8_ros/prefix_override:/home/kevin/ros2_airweek/install/yolov8_ros/lib/python3.10/site-packages:${PYTHONPATH} /usr/bin/python3 setup.py egg_info --egg-base ../../../build/yolov8_ros build --build-base /home/kevin/ros2_airweek/build/yolov8_ros/build install --record /home/kevin/ros2_airweek/build/yolov8_ros/install.log --single-version-externally-managed
[1.569s] running egg_info
[1.569s] creating ../../../build/yolov8_ros/yolov8_ros.egg-info
[1.569s] writing ../../../build/yolov8_ros/yolov8_ros.egg-info/PKG-INFO
[1.569s] writing dependency_links to ../../../build/yolov8_ros/yolov8_ros.egg-info/dependency_links.txt
[1.569s] writing entry points to ../../../build/yolov8_ros/yolov8_ros.egg-info/entry_points.txt
[1.569s] writing requirements to ../../../build/yolov8_ros/yolov8_ros.egg-info/requires.txt
[1.569s] writing top-level names to ../../../build/yolov8_ros/yolov8_ros.egg-info/top_level.txt
[1.569s] writing manifest file '../../../build/yolov8_ros/yolov8_ros.egg-info/SOURCES.txt'
[1.570s] reading manifest file '../../../build/yolov8_ros/yolov8_ros.egg-info/SOURCES.txt'
[1.570s] writing manifest file '../../../build/yolov8_ros/yolov8_ros.egg-info/SOURCES.txt'
[1.570s] running build
[1.570s] running build_py
[1.570s] creating /home/kevin/ros2_airweek/build/yolov8_ros/build
[1.571s] creating /home/kevin/ros2_airweek/build/yolov8_ros/build/lib
[1.571s] creating /home/kevin/ros2_airweek/build/yolov8_ros/build/lib/yolov8_ros
[1.571s] copying yolov8_ros/yolov8_node.py -> /home/kevin/ros2_airweek/build/yolov8_ros/build/lib/yolov8_ros
[1.571s] copying yolov8_ros/debug_node.py -> /home/kevin/ros2_airweek/build/yolov8_ros/build/lib/yolov8_ros
[1.571s] copying yolov8_ros/__init__.py -> /home/kevin/ros2_airweek/build/yolov8_ros/build/lib/yolov8_ros
[1.571s] copying yolov8_ros/tracking_node.py -> /home/kevin/ros2_airweek/build/yolov8_ros/build/lib/yolov8_ros
[1.571s] /usr/lib/python3/dist-packages/setuptools/command/install.py:34: SetuptoolsDeprecationWarning: setup.py install is deprecated. Use build and pip and other standards-based tools.
[1.571s]   warnings.warn(
[1.571s] copying yolov8_ros/detect_3d_node.py -> /home/kevin/ros2_airweek/build/yolov8_ros/build/lib/yolov8_ros
[1.571s] running install
[1.571s] running install_lib
[1.571s] creating /home/kevin/ros2_airweek/install/yolov8_ros/lib/python3.10/site-packages/yolov8_ros
[1.571s] copying /home/kevin/ros2_airweek/build/yolov8_ros/build/lib/yolov8_ros/yolov8_node.py -> /home/kevin/ros2_airweek/install/yolov8_ros/lib/python3.10/site-packages/yolov8_ros
[1.571s] copying /home/kevin/ros2_airweek/build/yolov8_ros/build/lib/yolov8_ros/debug_node.py -> /home/kevin/ros2_airweek/install/yolov8_ros/lib/python3.10/site-packages/yolov8_ros
[1.571s] copying /home/kevin/ros2_airweek/build/yolov8_ros/build/lib/yolov8_ros/__init__.py -> /home/kevin/ros2_airweek/install/yolov8_ros/lib/python3.10/site-packages/yolov8_ros
[1.571s] copying /home/kevin/ros2_airweek/build/yolov8_ros/build/lib/yolov8_ros/tracking_node.py -> /home/kevin/ros2_airweek/install/yolov8_ros/lib/python3.10/site-packages/yolov8_ros
[1.571s] copying /home/kevin/ros2_airweek/build/yolov8_ros/build/lib/yolov8_ros/detect_3d_node.py -> /home/kevin/ros2_airweek/install/yolov8_ros/lib/python3.10/site-packages/yolov8_ros
[1.572s] byte-compiling /home/kevin/ros2_airweek/install/yolov8_ros/lib/python3.10/site-packages/yolov8_ros/yolov8_node.py to yolov8_node.cpython-310.pyc
[1.572s] byte-compiling /home/kevin/ros2_airweek/install/yolov8_ros/lib/python3.10/site-packages/yolov8_ros/debug_node.py to debug_node.cpython-310.pyc
[1.573s] byte-compiling /home/kevin/ros2_airweek/install/yolov8_ros/lib/python3.10/site-packages/yolov8_ros/__init__.py to __init__.cpython-310.pyc
[1.573s] byte-compiling /home/kevin/ros2_airweek/install/yolov8_ros/lib/python3.10/site-packages/yolov8_ros/tracking_node.py to tracking_node.cpython-310.pyc
[1.574s] byte-compiling /home/kevin/ros2_airweek/install/yolov8_ros/lib/python3.10/site-packages/yolov8_ros/detect_3d_node.py to detect_3d_node.cpython-310.pyc
[1.575s] running install_data
[1.575s] creating /home/kevin/ros2_airweek/install/yolov8_ros/share/ament_index
[1.575s] creating /home/kevin/ros2_airweek/install/yolov8_ros/share/ament_index/resource_index
[1.575s] creating /home/kevin/ros2_airweek/install/yolov8_ros/share/ament_index/resource_index/packages
[1.575s] copying resource/yolov8_ros -> /home/kevin/ros2_airweek/install/yolov8_ros/share/ament_index/resource_index/packages
[1.575s] copying package.xml -> /home/kevin/ros2_airweek/install/yolov8_ros/share/yolov8_ros
[1.575s] running install_egg_info
[1.576s] Copying ../../../build/yolov8_ros/yolov8_ros.egg-info to /home/kevin/ros2_airweek/install/yolov8_ros/lib/python3.10/site-packages/yolov8_ros-0.0.0-py3.10.egg-info
[1.576s] running install_scripts
[1.588s] Installing debug_node script to /home/kevin/ros2_airweek/install/yolov8_ros/lib/yolov8_ros
[1.588s] Installing detect_3d_node script to /home/kevin/ros2_airweek/install/yolov8_ros/lib/yolov8_ros
[1.588s] Installing tracking_node script to /home/kevin/ros2_airweek/install/yolov8_ros/lib/yolov8_ros
[1.588s] Installing yolov8_node script to /home/kevin/ros2_airweek/install/yolov8_ros/lib/yolov8_ros
[1.588s] writing list of installed files to '/home/kevin/ros2_airweek/build/yolov8_ros/install.log'
[1.600s] Invoked command in '/home/kevin/ros2_airweek/src/yolov8_ros/yolov8_ros' returned '0': PYTHONPATH=/home/kevin/ros2_airweek/build/yolov8_ros/prefix_override:/home/kevin/ros2_airweek/install/yolov8_ros/lib/python3.10/site-packages:${PYTHONPATH} /usr/bin/python3 setup.py egg_info --egg-base ../../../build/yolov8_ros build --build-base /home/kevin/ros2_airweek/build/yolov8_ros/build install --record /home/kevin/ros2_airweek/build/yolov8_ros/install.log --single-version-externally-managed
