[1.210s] Invoking command in '/home/kevin/ros2_airweek/build/yolov8_msgs': CMAKE_PREFIX_PATH=/opt/ros/humble /usr/bin/cmake /home/kevin/ros2_airweek/src/yolov8_ros/yolov8_msgs -DCMAKE_INSTALL_PREFIX=/home/kevin/ros2_airweek/install/yolov8_msgs
[1.272s] -- The C compiler identification is GNU 11.4.0
[1.298s] -- The CXX compiler identification is GNU 11.4.0
[1.301s] -- Detecting C compiler ABI info
[1.336s] -- Detecting C compiler ABI info - done
[1.340s] -- Check for working C compiler: /usr/bin/cc - skipped
[1.340s] -- Detecting C compile features
[1.340s] -- Detecting C compile features - done
[1.342s] -- Detecting CXX compiler ABI info
[1.385s] -- Detecting CXX compiler ABI info - done
[1.400s] -- Check for working CXX compiler: /usr/bin/c++ - skipped
[1.400s] -- Detecting CXX compile features
[1.400s] -- Detecting CXX compile features - done
[1.401s] -- Found ament_cmake: 1.3.7 (/opt/ros/humble/share/ament_cmake/cmake)
[1.499s] -- Found Python3: /usr/bin/python3.10 (found version "3.10.12") found components: Interpreter 
[1.544s] -- Found rosidl_default_generators: 1.2.0 (/opt/ros/humble/share/rosidl_default_generators/cmake)
[1.544s] -- Using all available rosidl_typesupport_c: rosidl_typesupport_fastrtps_c;rosidl_typesupport_introspection_c
[1.547s] -- Found rosidl_adapter: 3.1.5 (/opt/ros/humble/share/rosidl_adapter/cmake)
[1.579s] -- Using all available rosidl_typesupport_cpp: rosidl_typesupport_fastrtps_cpp;rosidl_typesupport_introspection_cpp
[1.605s] -- Found std_msgs: 4.2.3 (/opt/ros/humble/share/std_msgs/cmake)
[1.633s] -- Found geometry_msgs: 4.2.3 (/opt/ros/humble/share/geometry_msgs/cmake)
[1.835s] -- Found ament_cmake_ros: 0.10.0 (/opt/ros/humble/share/ament_cmake_ros/cmake)
[1.965s] -- Using all available rosidl_typesupport_c: rosidl_typesupport_fastrtps_c;rosidl_typesupport_introspection_c
[2.135s] -- Using all available rosidl_typesupport_cpp: rosidl_typesupport_fastrtps_cpp;rosidl_typesupport_introspection_cpp
[2.151s] -- Found PythonInterp: /usr/bin/python3 (found suitable version "3.10.12", minimum required is "3.6") 
[2.151s] -- Found python_cmake_module: 0.10.0 (/opt/ros/humble/share/python_cmake_module/cmake)
[2.167s] -- Found PythonLibs: /usr/lib/x86_64-linux-gnu/libpython3.10.so (found suitable version "3.10.12", minimum required is "3.5") 
[2.167s] -- Using PYTHON_EXECUTABLE: /usr/bin/python3
[2.167s] -- Using PYTHON_INCLUDE_DIRS: /usr/include/python3.10
[2.167s] -- Using PYTHON_LIBRARIES: /usr/lib/x86_64-linux-gnu/libpython3.10.so
[2.178s] -- Found PythonExtra: .so  
[2.211s] -- Configuring done
[2.232s] -- Generating done
[2.233s] -- Build files have been written to: /home/kevin/ros2_airweek/build/yolov8_msgs
[2.236s] Invoked command in '/home/kevin/ros2_airweek/build/yolov8_msgs' returned '0': CMAKE_PREFIX_PATH=/opt/ros/humble /usr/bin/cmake /home/kevin/ros2_airweek/src/yolov8_ros/yolov8_msgs -DCMAKE_INSTALL_PREFIX=/home/kevin/ros2_airweek/install/yolov8_msgs
[2.237s] Invoking command in '/home/kevin/ros2_airweek/build/yolov8_msgs': CMAKE_PREFIX_PATH=/opt/ros/humble /usr/bin/cmake --build /home/kevin/ros2_airweek/build/yolov8_msgs -- -j32 -l32
[2.263s] [  1%] [34m[1mGenerating C code for ROS interfaces[0m
[2.269s] [  1%] [34m[1mGenerating C++ code for ROS interfaces[0m
[2.273s] [  1%] Built target ament_cmake_python_copy_yolov8_msgs
[2.384s] running egg_info
[2.385s] creating yolov8_msgs.egg-info
[2.385s] writing yolov8_msgs.egg-info/PKG-INFO
[2.385s] writing dependency_links to yolov8_msgs.egg-info/dependency_links.txt
[2.385s] writing top-level names to yolov8_msgs.egg-info/top_level.txt
[2.385s] writing manifest file 'yolov8_msgs.egg-info/SOURCES.txt'
[2.386s] reading manifest file 'yolov8_msgs.egg-info/SOURCES.txt'
[2.386s] writing manifest file 'yolov8_msgs.egg-info/SOURCES.txt'
[2.400s] [  1%] Built target ament_cmake_python_build_yolov8_msgs_egg
[2.809s] [  1%] Built target yolov8_msgs__cpp
[2.814s] [  3%] [34m[1mGenerating C++ introspection for ROS interfaces[0m
[2.815s] [  3%] [34m[1mGenerating C++ type support dispatch for ROS interfaces[0m
[2.815s] [  3%] [34m[1mGenerating C++ type support for eProsima Fast-RTPS[0m
[2.844s] [  5%] [32mBuilding C object CMakeFiles/yolov8_msgs__rosidl_generator_c.dir/rosidl_generator_c/yolov8_msgs/msg/detail/point2_d__functions.c.o[0m
[2.844s] [  5%] [32mBuilding C object CMakeFiles/yolov8_msgs__rosidl_generator_c.dir/rosidl_generator_c/yolov8_msgs/msg/detail/vector2__functions.c.o[0m
[2.844s] [  6%] [32mBuilding C object CMakeFiles/yolov8_msgs__rosidl_generator_c.dir/rosidl_generator_c/yolov8_msgs/msg/detail/pose2_d__functions.c.o[0m
[2.844s] [  6%] [32mBuilding C object CMakeFiles/yolov8_msgs__rosidl_generator_c.dir/rosidl_generator_c/yolov8_msgs/msg/detail/bounding_box2_d__functions.c.o[0m
[2.844s] [  7%] [32mBuilding C object CMakeFiles/yolov8_msgs__rosidl_generator_c.dir/rosidl_generator_c/yolov8_msgs/msg/detail/bounding_box3_d__functions.c.o[0m
[2.846s] [  8%] [32mBuilding C object CMakeFiles/yolov8_msgs__rosidl_generator_c.dir/rosidl_generator_c/yolov8_msgs/msg/detail/mask__functions.c.o[0m
[2.846s] [  9%] [32mBuilding C object CMakeFiles/yolov8_msgs__rosidl_generator_c.dir/rosidl_generator_c/yolov8_msgs/msg/detail/key_point2_d__functions.c.o[0m
[2.847s] [ 10%] [32mBuilding C object CMakeFiles/yolov8_msgs__rosidl_generator_c.dir/rosidl_generator_c/yolov8_msgs/msg/detail/key_point2_d_array__functions.c.o[0m
[2.847s] [ 11%] [32mBuilding C object CMakeFiles/yolov8_msgs__rosidl_generator_c.dir/rosidl_generator_c/yolov8_msgs/msg/detail/key_point3_d__functions.c.o[0m
[2.848s] [ 11%] [32mBuilding C object CMakeFiles/yolov8_msgs__rosidl_generator_c.dir/rosidl_generator_c/yolov8_msgs/msg/detail/key_point3_d_array__functions.c.o[0m
[2.848s] [ 12%] [32mBuilding C object CMakeFiles/yolov8_msgs__rosidl_generator_c.dir/rosidl_generator_c/yolov8_msgs/msg/detail/detection__functions.c.o[0m
[2.849s] [ 13%] [32mBuilding C object CMakeFiles/yolov8_msgs__rosidl_generator_c.dir/rosidl_generator_c/yolov8_msgs/msg/detail/detection_array__functions.c.o[0m
[2.900s] [ 14%] [32m[1mLinking C shared library libyolov8_msgs__rosidl_generator_c.so[0m
[2.927s] [ 14%] Built target yolov8_msgs__rosidl_generator_c
[2.933s] [ 17%] [34m[1mGenerating C type support dispatch for ROS interfaces[0m
[2.934s] [ 17%] [34m[1mGenerating C introspection for ROS interfaces[0m
[2.934s] [ 15%] [34m[1mGenerating C type support for eProsima Fast-RTPS[0m
[3.291s] [ 18%] [32mBuilding CXX object CMakeFiles/yolov8_msgs__rosidl_typesupport_cpp.dir/rosidl_typesupport_cpp/yolov8_msgs/msg/point2_d__type_support.cpp.o[0m
[3.292s] [ 19%] [32mBuilding CXX object CMakeFiles/yolov8_msgs__rosidl_typesupport_cpp.dir/rosidl_typesupport_cpp/yolov8_msgs/msg/vector2__type_support.cpp.o[0m
[3.292s] [ 20%] [32mBuilding CXX object CMakeFiles/yolov8_msgs__rosidl_typesupport_cpp.dir/rosidl_typesupport_cpp/yolov8_msgs/msg/pose2_d__type_support.cpp.o[0m
[3.295s] [ 21%] [32mBuilding CXX object CMakeFiles/yolov8_msgs__rosidl_typesupport_cpp.dir/rosidl_typesupport_cpp/yolov8_msgs/msg/bounding_box3_d__type_support.cpp.o[0m
[3.295s] [ 21%] [32mBuilding CXX object CMakeFiles/yolov8_msgs__rosidl_typesupport_cpp.dir/rosidl_typesupport_cpp/yolov8_msgs/msg/bounding_box2_d__type_support.cpp.o[0m
[3.295s] [ 22%] [32mBuilding CXX object CMakeFiles/yolov8_msgs__rosidl_typesupport_cpp.dir/rosidl_typesupport_cpp/yolov8_msgs/msg/mask__type_support.cpp.o[0m
[3.295s] [ 24%] [32mBuilding CXX object CMakeFiles/yolov8_msgs__rosidl_typesupport_cpp.dir/rosidl_typesupport_cpp/yolov8_msgs/msg/key_point2_d__type_support.cpp.o[0m
[3.295s] [ 24%] [32mBuilding CXX object CMakeFiles/yolov8_msgs__rosidl_typesupport_cpp.dir/rosidl_typesupport_cpp/yolov8_msgs/msg/key_point2_d_array__type_support.cpp.o[0m
[3.295s] [ 25%] [32mBuilding CXX object CMakeFiles/yolov8_msgs__rosidl_typesupport_cpp.dir/rosidl_typesupport_cpp/yolov8_msgs/msg/key_point3_d__type_support.cpp.o[0m
[3.296s] [ 26%] [32mBuilding CXX object CMakeFiles/yolov8_msgs__rosidl_typesupport_cpp.dir/rosidl_typesupport_cpp/yolov8_msgs/msg/key_point3_d_array__type_support.cpp.o[0m
[3.296s] [ 26%] [32mBuilding CXX object CMakeFiles/yolov8_msgs__rosidl_typesupport_cpp.dir/rosidl_typesupport_cpp/yolov8_msgs/msg/detection__type_support.cpp.o[0m
[3.296s] [ 27%] [32mBuilding CXX object CMakeFiles/yolov8_msgs__rosidl_typesupport_cpp.dir/rosidl_typesupport_cpp/yolov8_msgs/msg/detection_array__type_support.cpp.o[0m
[3.431s] [ 28%] [32mBuilding CXX object CMakeFiles/yolov8_msgs__rosidl_typesupport_introspection_cpp.dir/rosidl_typesupport_introspection_cpp/yolov8_msgs/msg/detail/vector2__type_support.cpp.o[0m
[3.433s] [ 28%] [32mBuilding CXX object CMakeFiles/yolov8_msgs__rosidl_typesupport_introspection_cpp.dir/rosidl_typesupport_introspection_cpp/yolov8_msgs/msg/detail/point2_d__type_support.cpp.o[0m
[3.433s] [ 29%] [32mBuilding CXX object CMakeFiles/yolov8_msgs__rosidl_typesupport_introspection_cpp.dir/rosidl_typesupport_introspection_cpp/yolov8_msgs/msg/detail/bounding_box2_d__type_support.cpp.o[0m
[3.439s] [ 30%] [32mBuilding CXX object CMakeFiles/yolov8_msgs__rosidl_typesupport_introspection_cpp.dir/rosidl_typesupport_introspection_cpp/yolov8_msgs/msg/detail/bounding_box3_d__type_support.cpp.o[0m
[3.442s] [ 31%] [32mBuilding CXX object CMakeFiles/yolov8_msgs__rosidl_typesupport_introspection_cpp.dir/rosidl_typesupport_introspection_cpp/yolov8_msgs/msg/detail/mask__type_support.cpp.o[0m
[3.442s] [ 32%] [32mBuilding CXX object CMakeFiles/yolov8_msgs__rosidl_typesupport_introspection_cpp.dir/rosidl_typesupport_introspection_cpp/yolov8_msgs/msg/detail/pose2_d__type_support.cpp.o[0m
[3.445s] [ 32%] [32mBuilding CXX object CMakeFiles/yolov8_msgs__rosidl_typesupport_introspection_cpp.dir/rosidl_typesupport_introspection_cpp/yolov8_msgs/msg/detail/key_point2_d__type_support.cpp.o[0m
[3.446s] [ 33%] [32mBuilding CXX object CMakeFiles/yolov8_msgs__rosidl_typesupport_introspection_cpp.dir/rosidl_typesupport_introspection_cpp/yolov8_msgs/msg/detail/key_point2_d_array__type_support.cpp.o[0m
[3.449s] [ 34%] [32mBuilding CXX object CMakeFiles/yolov8_msgs__rosidl_typesupport_introspection_cpp.dir/rosidl_typesupport_introspection_cpp/yolov8_msgs/msg/detail/key_point3_d__type_support.cpp.o[0m
[3.449s] [ 35%] [32mBuilding CXX object CMakeFiles/yolov8_msgs__rosidl_typesupport_introspection_cpp.dir/rosidl_typesupport_introspection_cpp/yolov8_msgs/msg/detail/key_point3_d_array__type_support.cpp.o[0m
[3.450s] [ 36%] [32mBuilding CXX object CMakeFiles/yolov8_msgs__rosidl_typesupport_introspection_cpp.dir/rosidl_typesupport_introspection_cpp/yolov8_msgs/msg/detail/detection_array__type_support.cpp.o[0m
[3.450s] [ 37%] [32mBuilding CXX object CMakeFiles/yolov8_msgs__rosidl_typesupport_introspection_cpp.dir/rosidl_typesupport_introspection_cpp/yolov8_msgs/msg/detail/detection__type_support.cpp.o[0m
[3.452s] [ 37%] [32mBuilding CXX object CMakeFiles/yolov8_msgs__rosidl_typesupport_c.dir/rosidl_typesupport_c/yolov8_msgs/msg/vector2__type_support.cpp.o[0m
[3.453s] [ 38%] [32mBuilding CXX object CMakeFiles/yolov8_msgs__rosidl_typesupport_c.dir/rosidl_typesupport_c/yolov8_msgs/msg/point2_d__type_support.cpp.o[0m
[3.454s] [ 39%] [32mBuilding CXX object CMakeFiles/yolov8_msgs__rosidl_typesupport_c.dir/rosidl_typesupport_c/yolov8_msgs/msg/pose2_d__type_support.cpp.o[0m
[3.461s] [ 40%] [32mBuilding CXX object CMakeFiles/yolov8_msgs__rosidl_typesupport_c.dir/rosidl_typesupport_c/yolov8_msgs/msg/bounding_box2_d__type_support.cpp.o[0m
[3.468s] [ 41%] [32mBuilding CXX object CMakeFiles/yolov8_msgs__rosidl_typesupport_fastrtps_cpp.dir/rosidl_typesupport_fastrtps_cpp/yolov8_msgs/msg/detail/dds_fastrtps/point2_d__type_support.cpp.o[0m
[3.487s] [ 42%] [32mBuilding CXX object CMakeFiles/yolov8_msgs__rosidl_typesupport_c.dir/rosidl_typesupport_c/yolov8_msgs/msg/bounding_box3_d__type_support.cpp.o[0m
[3.514s] [ 43%] [32mBuilding CXX object CMakeFiles/yolov8_msgs__rosidl_typesupport_c.dir/rosidl_typesupport_c/yolov8_msgs/msg/key_point2_d__type_support.cpp.o[0m
[3.517s] [ 44%] [32mBuilding CXX object CMakeFiles/yolov8_msgs__rosidl_typesupport_c.dir/rosidl_typesupport_c/yolov8_msgs/msg/mask__type_support.cpp.o[0m
[3.524s] [ 44%] [32mBuilding CXX object CMakeFiles/yolov8_msgs__rosidl_typesupport_c.dir/rosidl_typesupport_c/yolov8_msgs/msg/key_point2_d_array__type_support.cpp.o[0m
[3.530s] [ 45%] [32mBuilding CXX object CMakeFiles/yolov8_msgs__rosidl_typesupport_c.dir/rosidl_typesupport_c/yolov8_msgs/msg/key_point3_d__type_support.cpp.o[0m
[3.548s] [ 46%] [32mBuilding CXX object CMakeFiles/yolov8_msgs__rosidl_typesupport_c.dir/rosidl_typesupport_c/yolov8_msgs/msg/key_point3_d_array__type_support.cpp.o[0m
[3.557s] [ 47%] [32mBuilding CXX object CMakeFiles/yolov8_msgs__rosidl_typesupport_c.dir/rosidl_typesupport_c/yolov8_msgs/msg/detection_array__type_support.cpp.o[0m
[3.558s] [ 48%] [32mBuilding CXX object CMakeFiles/yolov8_msgs__rosidl_typesupport_c.dir/rosidl_typesupport_c/yolov8_msgs/msg/detection__type_support.cpp.o[0m
[3.558s] [ 49%] [32mBuilding CXX object CMakeFiles/yolov8_msgs__rosidl_typesupport_fastrtps_cpp.dir/rosidl_typesupport_fastrtps_cpp/yolov8_msgs/msg/detail/dds_fastrtps/vector2__type_support.cpp.o[0m
[3.564s] [ 50%] [32mBuilding CXX object CMakeFiles/yolov8_msgs__rosidl_typesupport_fastrtps_cpp.dir/rosidl_typesupport_fastrtps_cpp/yolov8_msgs/msg/detail/dds_fastrtps/pose2_d__type_support.cpp.o[0m
[3.584s] [ 51%] [32mBuilding CXX object CMakeFiles/yolov8_msgs__rosidl_typesupport_fastrtps_cpp.dir/rosidl_typesupport_fastrtps_cpp/yolov8_msgs/msg/detail/dds_fastrtps/key_point2_d__type_support.cpp.o[0m
[3.585s] [ 51%] [32mBuilding CXX object CMakeFiles/yolov8_msgs__rosidl_typesupport_fastrtps_cpp.dir/rosidl_typesupport_fastrtps_cpp/yolov8_msgs/msg/detail/dds_fastrtps/mask__type_support.cpp.o[0m
[3.590s] [ 52%] [32mBuilding CXX object CMakeFiles/yolov8_msgs__rosidl_typesupport_fastrtps_cpp.dir/rosidl_typesupport_fastrtps_cpp/yolov8_msgs/msg/detail/dds_fastrtps/key_point2_d_array__type_support.cpp.o[0m
[3.593s] [ 53%] [32mBuilding CXX object CMakeFiles/yolov8_msgs__rosidl_typesupport_fastrtps_cpp.dir/rosidl_typesupport_fastrtps_cpp/yolov8_msgs/msg/detail/dds_fastrtps/bounding_box3_d__type_support.cpp.o[0m
[3.598s] [ 54%] [32mBuilding CXX object CMakeFiles/yolov8_msgs__rosidl_typesupport_fastrtps_cpp.dir/rosidl_typesupport_fastrtps_cpp/yolov8_msgs/msg/detail/dds_fastrtps/bounding_box2_d__type_support.cpp.o[0m
[3.604s] [ 55%] [32mBuilding CXX object CMakeFiles/yolov8_msgs__rosidl_typesupport_fastrtps_cpp.dir/rosidl_typesupport_fastrtps_cpp/yolov8_msgs/msg/detail/dds_fastrtps/key_point3_d__type_support.cpp.o[0m
[3.610s] [ 56%] [32m[1mLinking CXX shared library libyolov8_msgs__rosidl_typesupport_c.so[0m
[3.651s] [ 57%] [32mBuilding CXX object CMakeFiles/yolov8_msgs__rosidl_typesupport_fastrtps_cpp.dir/rosidl_typesupport_fastrtps_cpp/yolov8_msgs/msg/detail/dds_fastrtps/key_point3_d_array__type_support.cpp.o[0m
[3.658s] [ 58%] [32mBuilding CXX object CMakeFiles/yolov8_msgs__rosidl_typesupport_fastrtps_cpp.dir/rosidl_typesupport_fastrtps_cpp/yolov8_msgs/msg/detail/dds_fastrtps/detection__type_support.cpp.o[0m
[3.673s] [ 58%] [32mBuilding CXX object CMakeFiles/yolov8_msgs__rosidl_typesupport_fastrtps_cpp.dir/rosidl_typesupport_fastrtps_cpp/yolov8_msgs/msg/detail/dds_fastrtps/detection_array__type_support.cpp.o[0m
[3.689s] [ 58%] Built target yolov8_msgs__rosidl_typesupport_c
[3.711s] [ 59%] [32m[1mLinking CXX shared library libyolov8_msgs__rosidl_typesupport_cpp.so[0m
[3.768s] [ 61%] [32mBuilding C object CMakeFiles/yolov8_msgs__rosidl_typesupport_introspection_c.dir/rosidl_typesupport_introspection_c/yolov8_msgs/msg/detail/bounding_box2_d__type_support.c.o[0m
[3.769s] [ 61%] [32mBuilding C object CMakeFiles/yolov8_msgs__rosidl_typesupport_introspection_c.dir/rosidl_typesupport_introspection_c/yolov8_msgs/msg/detail/point2_d__type_support.c.o[0m
[3.769s] [ 61%] [32mBuilding C object CMakeFiles/yolov8_msgs__rosidl_typesupport_introspection_c.dir/rosidl_typesupport_introspection_c/yolov8_msgs/msg/detail/vector2__type_support.c.o[0m
[3.770s] [ 62%] [32mBuilding C object CMakeFiles/yolov8_msgs__rosidl_typesupport_introspection_c.dir/rosidl_typesupport_introspection_c/yolov8_msgs/msg/detail/pose2_d__type_support.c.o[0m
[3.772s] [ 62%] Built target yolov8_msgs__rosidl_typesupport_cpp
[3.773s] [ 63%] [32mBuilding C object CMakeFiles/yolov8_msgs__rosidl_typesupport_introspection_c.dir/rosidl_typesupport_introspection_c/yolov8_msgs/msg/detail/mask__type_support.c.o[0m
[3.782s] [ 64%] [32mBuilding C object CMakeFiles/yolov8_msgs__rosidl_typesupport_introspection_c.dir/rosidl_typesupport_introspection_c/yolov8_msgs/msg/detail/key_point2_d__type_support.c.o[0m
[3.785s] [ 65%] [32mBuilding C object CMakeFiles/yolov8_msgs__rosidl_typesupport_introspection_c.dir/rosidl_typesupport_introspection_c/yolov8_msgs/msg/detail/bounding_box3_d__type_support.c.o[0m
[3.786s] [ 66%] [32mBuilding CXX object CMakeFiles/yolov8_msgs__rosidl_typesupport_fastrtps_c.dir/rosidl_typesupport_fastrtps_c/yolov8_msgs/msg/detail/point2_d__type_support_c.cpp.o[0m
[3.814s] [ 67%] [32mBuilding C object CMakeFiles/yolov8_msgs__rosidl_typesupport_introspection_c.dir/rosidl_typesupport_introspection_c/yolov8_msgs/msg/detail/key_point2_d_array__type_support.c.o[0m
[3.816s] [ 68%] [32mBuilding C object CMakeFiles/yolov8_msgs__rosidl_typesupport_introspection_c.dir/rosidl_typesupport_introspection_c/yolov8_msgs/msg/detail/key_point3_d_array__type_support.c.o[0m
[3.817s] [ 68%] [32mBuilding C object CMakeFiles/yolov8_msgs__rosidl_typesupport_introspection_c.dir/rosidl_typesupport_introspection_c/yolov8_msgs/msg/detail/detection__type_support.c.o[0m
[3.823s] [ 69%] [32mBuilding C object CMakeFiles/yolov8_msgs__rosidl_typesupport_introspection_c.dir/rosidl_typesupport_introspection_c/yolov8_msgs/msg/detail/detection_array__type_support.c.o[0m
[3.828s] [ 70%] [32mBuilding CXX object CMakeFiles/yolov8_msgs__rosidl_typesupport_fastrtps_c.dir/rosidl_typesupport_fastrtps_c/yolov8_msgs/msg/detail/vector2__type_support_c.cpp.o[0m
[3.832s] [ 71%] [32mBuilding C object CMakeFiles/yolov8_msgs__rosidl_typesupport_introspection_c.dir/rosidl_typesupport_introspection_c/yolov8_msgs/msg/detail/key_point3_d__type_support.c.o[0m
[3.862s] [ 71%] [32mBuilding CXX object CMakeFiles/yolov8_msgs__rosidl_typesupport_fastrtps_c.dir/rosidl_typesupport_fastrtps_c/yolov8_msgs/msg/detail/pose2_d__type_support_c.cpp.o[0m
[3.867s] [ 72%] [32mBuilding CXX object CMakeFiles/yolov8_msgs__rosidl_typesupport_fastrtps_c.dir/rosidl_typesupport_fastrtps_c/yolov8_msgs/msg/detail/bounding_box2_d__type_support_c.cpp.o[0m
[3.869s] [ 73%] [32mBuilding CXX object CMakeFiles/yolov8_msgs__rosidl_typesupport_fastrtps_c.dir/rosidl_typesupport_fastrtps_c/yolov8_msgs/msg/detail/bounding_box3_d__type_support_c.cpp.o[0m
[3.880s] [ 74%] [32mBuilding CXX object CMakeFiles/yolov8_msgs__rosidl_typesupport_fastrtps_c.dir/rosidl_typesupport_fastrtps_c/yolov8_msgs/msg/detail/key_point2_d__type_support_c.cpp.o[0m
[3.893s] [ 75%] [32mBuilding CXX object CMakeFiles/yolov8_msgs__rosidl_typesupport_fastrtps_c.dir/rosidl_typesupport_fastrtps_c/yolov8_msgs/msg/detail/mask__type_support_c.cpp.o[0m
[3.896s] [ 76%] [32m[1mLinking C shared library libyolov8_msgs__rosidl_typesupport_introspection_c.so[0m
[3.979s] [ 76%] Built target yolov8_msgs__rosidl_typesupport_introspection_c
[3.981s] [ 77%] [32mBuilding CXX object CMakeFiles/yolov8_msgs__rosidl_typesupport_fastrtps_c.dir/rosidl_typesupport_fastrtps_c/yolov8_msgs/msg/detail/key_point2_d_array__type_support_c.cpp.o[0m
[3.983s] [ 77%] [32mBuilding CXX object CMakeFiles/yolov8_msgs__rosidl_typesupport_fastrtps_c.dir/rosidl_typesupport_fastrtps_c/yolov8_msgs/msg/detail/key_point3_d__type_support_c.cpp.o[0m
[3.988s] [ 78%] [32mBuilding CXX object CMakeFiles/yolov8_msgs__rosidl_typesupport_fastrtps_c.dir/rosidl_typesupport_fastrtps_c/yolov8_msgs/msg/detail/detection_array__type_support_c.cpp.o[0m
[3.989s] [ 79%] [32mBuilding CXX object CMakeFiles/yolov8_msgs__rosidl_typesupport_fastrtps_c.dir/rosidl_typesupport_fastrtps_c/yolov8_msgs/msg/detail/detection__type_support_c.cpp.o[0m
[3.989s] [ 80%] [32mBuilding CXX object CMakeFiles/yolov8_msgs__rosidl_typesupport_fastrtps_c.dir/rosidl_typesupport_fastrtps_c/yolov8_msgs/msg/detail/key_point3_d_array__type_support_c.cpp.o[0m
[4.252s] [ 81%] [32m[1mLinking CXX shared library libyolov8_msgs__rosidl_typesupport_introspection_cpp.so[0m
[4.467s] [ 82%] [32m[1mLinking CXX shared library libyolov8_msgs__rosidl_typesupport_fastrtps_cpp.so[0m
[4.604s] [ 82%] Built target yolov8_msgs__rosidl_typesupport_introspection_cpp
[4.793s] [ 83%] [32m[1mLinking CXX shared library libyolov8_msgs__rosidl_typesupport_fastrtps_c.so[0m
[4.929s] [ 83%] Built target yolov8_msgs__rosidl_typesupport_fastrtps_cpp
[5.210s] [ 83%] Built target yolov8_msgs__rosidl_typesupport_fastrtps_c
[5.247s] [ 83%] Built target yolov8_msgs
[5.258s] [ 84%] [34m[1mGenerating Python code for ROS interfaces[0m
[6.120s] [ 84%] Built target yolov8_msgs__py
[6.129s] [ 85%] [32mBuilding C object CMakeFiles/yolov8_msgs__rosidl_generator_py.dir/rosidl_generator_py/yolov8_msgs/msg/_point2_d_s.c.o[0m
[6.130s] [ 86%] [32mBuilding C object CMakeFiles/yolov8_msgs__rosidl_generator_py.dir/rosidl_generator_py/yolov8_msgs/msg/_vector2_s.c.o[0m
[6.130s] [ 87%] [32mBuilding C object CMakeFiles/yolov8_msgs__rosidl_generator_py.dir/rosidl_generator_py/yolov8_msgs/msg/_bounding_box2_d_s.c.o[0m
[6.130s] [ 87%] [32mBuilding C object CMakeFiles/yolov8_msgs__rosidl_generator_py.dir/rosidl_generator_py/yolov8_msgs/msg/_pose2_d_s.c.o[0m
[6.130s] [ 88%] [32mBuilding C object CMakeFiles/yolov8_msgs__rosidl_generator_py.dir/rosidl_generator_py/yolov8_msgs/msg/_bounding_box3_d_s.c.o[0m
[6.131s] [ 89%] [32mBuilding C object CMakeFiles/yolov8_msgs__rosidl_generator_py.dir/rosidl_generator_py/yolov8_msgs/msg/_key_point2_d_s.c.o[0m
[6.131s] [ 90%] [32mBuilding C object CMakeFiles/yolov8_msgs__rosidl_generator_py.dir/rosidl_generator_py/yolov8_msgs/msg/_mask_s.c.o[0m
[6.131s] [ 90%] [32mBuilding C object CMakeFiles/yolov8_msgs__rosidl_generator_py.dir/rosidl_generator_py/yolov8_msgs/msg/_key_point3_d_array_s.c.o[0m
[6.134s] [ 91%] [32mBuilding C object CMakeFiles/yolov8_msgs__rosidl_generator_py.dir/rosidl_generator_py/yolov8_msgs/msg/_key_point2_d_array_s.c.o[0m
[6.134s] [ 92%] [32mBuilding C object CMakeFiles/yolov8_msgs__rosidl_generator_py.dir/rosidl_generator_py/yolov8_msgs/msg/_detection_s.c.o[0m
[6.134s] [ 93%] [32mBuilding C object CMakeFiles/yolov8_msgs__rosidl_generator_py.dir/rosidl_generator_py/yolov8_msgs/msg/_detection_array_s.c.o[0m
[6.134s] [ 94%] [32mBuilding C object CMakeFiles/yolov8_msgs__rosidl_generator_py.dir/rosidl_generator_py/yolov8_msgs/msg/_key_point3_d_s.c.o[0m
[6.235s] [ 95%] [32m[1mLinking C shared library rosidl_generator_py/yolov8_msgs/libyolov8_msgs__rosidl_generator_py.so[0m
[6.258s] [ 95%] Built target yolov8_msgs__rosidl_generator_py
[6.271s] [ 96%] [32mBuilding C object CMakeFiles/yolov8_msgs__rosidl_typesupport_fastrtps_c__pyext.dir/rosidl_generator_py/yolov8_msgs/_yolov8_msgs_s.ep.rosidl_typesupport_fastrtps_c.c.o[0m
[6.271s] [ 97%] [32mBuilding C object CMakeFiles/yolov8_msgs__rosidl_typesupport_introspection_c__pyext.dir/rosidl_generator_py/yolov8_msgs/_yolov8_msgs_s.ep.rosidl_typesupport_introspection_c.c.o[0m
[6.272s] [ 97%] [32mBuilding C object CMakeFiles/yolov8_msgs__rosidl_typesupport_c__pyext.dir/rosidl_generator_py/yolov8_msgs/_yolov8_msgs_s.ep.rosidl_typesupport_c.c.o[0m
[6.332s] [ 98%] [32m[1mLinking C shared library rosidl_generator_py/yolov8_msgs/yolov8_msgs_s__rosidl_typesupport_c.cpython-310-x86_64-linux-gnu.so[0m
[6.332s] [ 99%] [32m[1mLinking C shared library rosidl_generator_py/yolov8_msgs/yolov8_msgs_s__rosidl_typesupport_introspection_c.cpython-310-x86_64-linux-gnu.so[0m
[6.334s] [100%] [32m[1mLinking C shared library rosidl_generator_py/yolov8_msgs/yolov8_msgs_s__rosidl_typesupport_fastrtps_c.cpython-310-x86_64-linux-gnu.so[0m
[6.351s] [100%] Built target yolov8_msgs__rosidl_typesupport_c__pyext
[6.351s] [100%] Built target yolov8_msgs__rosidl_typesupport_introspection_c__pyext
[6.356s] [100%] Built target yolov8_msgs__rosidl_typesupport_fastrtps_c__pyext
[6.363s] Invoked command in '/home/kevin/ros2_airweek/build/yolov8_msgs' returned '0': CMAKE_PREFIX_PATH=/opt/ros/humble /usr/bin/cmake --build /home/kevin/ros2_airweek/build/yolov8_msgs -- -j32 -l32
[6.618s] Invoking command in '/home/kevin/ros2_airweek/build/yolov8_msgs': CMAKE_PREFIX_PATH=/opt/ros/humble /usr/bin/cmake --install /home/kevin/ros2_airweek/build/yolov8_msgs
[6.629s] -- Install configuration: ""
[6.629s] -- Installing: /home/kevin/ros2_airweek/install/yolov8_msgs/share/ament_index/resource_index/rosidl_interfaces/yolov8_msgs
[6.629s] -- Installing: /home/kevin/ros2_airweek/install/yolov8_msgs/include/yolov8_msgs/yolov8_msgs
[6.630s] -- Installing: /home/kevin/ros2_airweek/install/yolov8_msgs/include/yolov8_msgs/yolov8_msgs/msg
[6.630s] -- Installing: /home/kevin/ros2_airweek/install/yolov8_msgs/include/yolov8_msgs/yolov8_msgs/msg/mask.h
[6.630s] -- Installing: /home/kevin/ros2_airweek/install/yolov8_msgs/include/yolov8_msgs/yolov8_msgs/msg/key_point2_d.h
[6.630s] -- Installing: /home/kevin/ros2_airweek/install/yolov8_msgs/include/yolov8_msgs/yolov8_msgs/msg/bounding_box2_d.h
[6.630s] -- Installing: /home/kevin/ros2_airweek/install/yolov8_msgs/include/yolov8_msgs/yolov8_msgs/msg/rosidl_generator_c__visibility_control.h
[6.630s] -- Installing: /home/kevin/ros2_airweek/install/yolov8_msgs/include/yolov8_msgs/yolov8_msgs/msg/point2_d.h
[6.630s] -- Installing: /home/kevin/ros2_airweek/install/yolov8_msgs/include/yolov8_msgs/yolov8_msgs/msg/key_point2_d_array.h
[6.630s] -- Installing: /home/kevin/ros2_airweek/install/yolov8_msgs/include/yolov8_msgs/yolov8_msgs/msg/pose2_d.h
[6.630s] -- Installing: /home/kevin/ros2_airweek/install/yolov8_msgs/include/yolov8_msgs/yolov8_msgs/msg/key_point3_d_array.h
[6.630s] -- Installing: /home/kevin/ros2_airweek/install/yolov8_msgs/include/yolov8_msgs/yolov8_msgs/msg/key_point3_d.h
[6.630s] -- Installing: /home/kevin/ros2_airweek/install/yolov8_msgs/include/yolov8_msgs/yolov8_msgs/msg/vector2.h
[6.631s] -- Installing: /home/kevin/ros2_airweek/install/yolov8_msgs/include/yolov8_msgs/yolov8_msgs/msg/detail
[6.631s] -- Installing: /home/kevin/ros2_airweek/install/yolov8_msgs/include/yolov8_msgs/yolov8_msgs/msg/detail/key_point3_d_array__functions.c
[6.631s] -- Installing: /home/kevin/ros2_airweek/install/yolov8_msgs/include/yolov8_msgs/yolov8_msgs/msg/detail/vector2__type_support.h
[6.631s] -- Installing: /home/kevin/ros2_airweek/install/yolov8_msgs/include/yolov8_msgs/yolov8_msgs/msg/detail/vector2__functions.h
[6.631s] -- Installing: /home/kevin/ros2_airweek/install/yolov8_msgs/include/yolov8_msgs/yolov8_msgs/msg/detail/key_point3_d__type_support.h
[6.631s] -- Installing: /home/kevin/ros2_airweek/install/yolov8_msgs/include/yolov8_msgs/yolov8_msgs/msg/detail/point2_d__functions.h
[6.631s] -- Installing: /home/kevin/ros2_airweek/install/yolov8_msgs/include/yolov8_msgs/yolov8_msgs/msg/detail/bounding_box3_d__functions.c
[6.631s] -- Installing: /home/kevin/ros2_airweek/install/yolov8_msgs/include/yolov8_msgs/yolov8_msgs/msg/detail/key_point2_d__type_support.h
[6.631s] -- Installing: /home/kevin/ros2_airweek/install/yolov8_msgs/include/yolov8_msgs/yolov8_msgs/msg/detail/point2_d__struct.h
[6.631s] -- Installing: /home/kevin/ros2_airweek/install/yolov8_msgs/include/yolov8_msgs/yolov8_msgs/msg/detail/detection_array__functions.h
[6.631s] -- Installing: /home/kevin/ros2_airweek/install/yolov8_msgs/include/yolov8_msgs/yolov8_msgs/msg/detail/bounding_box2_d__functions.h
[6.631s] -- Installing: /home/kevin/ros2_airweek/install/yolov8_msgs/include/yolov8_msgs/yolov8_msgs/msg/detail/detection__functions.c
[6.631s] -- Installing: /home/kevin/ros2_airweek/install/yolov8_msgs/include/yolov8_msgs/yolov8_msgs/msg/detail/detection__type_support.h
[6.631s] -- Installing: /home/kevin/ros2_airweek/install/yolov8_msgs/include/yolov8_msgs/yolov8_msgs/msg/detail/mask__functions.c
[6.631s] -- Installing: /home/kevin/ros2_airweek/install/yolov8_msgs/include/yolov8_msgs/yolov8_msgs/msg/detail/key_point2_d__struct.h
[6.631s] -- Installing: /home/kevin/ros2_airweek/install/yolov8_msgs/include/yolov8_msgs/yolov8_msgs/msg/detail/bounding_box2_d__functions.c
[6.631s] -- Installing: /home/kevin/ros2_airweek/install/yolov8_msgs/include/yolov8_msgs/yolov8_msgs/msg/detail/key_point3_d__functions.h
[6.631s] -- Installing: /home/kevin/ros2_airweek/install/yolov8_msgs/include/yolov8_msgs/yolov8_msgs/msg/detail/key_point2_d_array__functions.c
[6.632s] -- Installing: /home/kevin/ros2_airweek/install/yolov8_msgs/include/yolov8_msgs/yolov8_msgs/msg/detail/mask__type_support.h
[6.632s] -- Installing: /home/kevin/ros2_airweek/install/yolov8_msgs/include/yolov8_msgs/yolov8_msgs/msg/detail/bounding_box2_d__struct.h
[6.632s] -- Installing: /home/kevin/ros2_airweek/install/yolov8_msgs/include/yolov8_msgs/yolov8_msgs/msg/detail/detection__struct.h
[6.632s] -- Installing: /home/kevin/ros2_airweek/install/yolov8_msgs/include/yolov8_msgs/yolov8_msgs/msg/detail/bounding_box3_d__functions.h
[6.632s] -- Installing: /home/kevin/ros2_airweek/install/yolov8_msgs/include/yolov8_msgs/yolov8_msgs/msg/detail/vector2__struct.h
[6.632s] -- Installing: /home/kevin/ros2_airweek/install/yolov8_msgs/include/yolov8_msgs/yolov8_msgs/msg/detail/key_point2_d_array__type_support.h
[6.632s] -- Installing: /home/kevin/ros2_airweek/install/yolov8_msgs/include/yolov8_msgs/yolov8_msgs/msg/detail/key_point3_d_array__type_support.h
[6.632s] -- Installing: /home/kevin/ros2_airweek/install/yolov8_msgs/include/yolov8_msgs/yolov8_msgs/msg/detail/key_point3_d_array__struct.h
[6.632s] -- Installing: /home/kevin/ros2_airweek/install/yolov8_msgs/include/yolov8_msgs/yolov8_msgs/msg/detail/detection_array__type_support.h
[6.632s] -- Installing: /home/kevin/ros2_airweek/install/yolov8_msgs/include/yolov8_msgs/yolov8_msgs/msg/detail/detection_array__struct.h
[6.632s] -- Installing: /home/kevin/ros2_airweek/install/yolov8_msgs/include/yolov8_msgs/yolov8_msgs/msg/detail/pose2_d__struct.h
[6.632s] -- Installing: /home/kevin/ros2_airweek/install/yolov8_msgs/include/yolov8_msgs/yolov8_msgs/msg/detail/bounding_box2_d__type_support.h
[6.632s] -- Installing: /home/kevin/ros2_airweek/install/yolov8_msgs/include/yolov8_msgs/yolov8_msgs/msg/detail/detection_array__functions.c
[6.632s] -- Installing: /home/kevin/ros2_airweek/install/yolov8_msgs/include/yolov8_msgs/yolov8_msgs/msg/detail/mask__functions.h
[6.632s] -- Installing: /home/kevin/ros2_airweek/install/yolov8_msgs/include/yolov8_msgs/yolov8_msgs/msg/detail/key_point2_d__functions.h
[6.632s] -- Installing: /home/kevin/ros2_airweek/install/yolov8_msgs/include/yolov8_msgs/yolov8_msgs/msg/detail/pose2_d__type_support.h
[6.632s] -- Installing: /home/kevin/ros2_airweek/install/yolov8_msgs/include/yolov8_msgs/yolov8_msgs/msg/detail/key_point3_d_array__functions.h
[6.633s] -- Installing: /home/kevin/ros2_airweek/install/yolov8_msgs/include/yolov8_msgs/yolov8_msgs/msg/detail/point2_d__type_support.h
[6.633s] -- Installing: /home/kevin/ros2_airweek/install/yolov8_msgs/include/yolov8_msgs/yolov8_msgs/msg/detail/key_point2_d_array__struct.h
[6.633s] -- Installing: /home/kevin/ros2_airweek/install/yolov8_msgs/include/yolov8_msgs/yolov8_msgs/msg/detail/pose2_d__functions.h
[6.633s] -- Installing: /home/kevin/ros2_airweek/install/yolov8_msgs/include/yolov8_msgs/yolov8_msgs/msg/detail/pose2_d__functions.c
[6.633s] -- Installing: /home/kevin/ros2_airweek/install/yolov8_msgs/include/yolov8_msgs/yolov8_msgs/msg/detail/mask__struct.h
[6.633s] -- Installing: /home/kevin/ros2_airweek/install/yolov8_msgs/include/yolov8_msgs/yolov8_msgs/msg/detail/bounding_box3_d__struct.h
[6.633s] -- Installing: /home/kevin/ros2_airweek/install/yolov8_msgs/include/yolov8_msgs/yolov8_msgs/msg/detail/key_point3_d__functions.c
[6.633s] -- Installing: /home/kevin/ros2_airweek/install/yolov8_msgs/include/yolov8_msgs/yolov8_msgs/msg/detail/point2_d__functions.c
[6.633s] -- Installing: /home/kevin/ros2_airweek/install/yolov8_msgs/include/yolov8_msgs/yolov8_msgs/msg/detail/detection__functions.h
[6.633s] -- Installing: /home/kevin/ros2_airweek/install/yolov8_msgs/include/yolov8_msgs/yolov8_msgs/msg/detail/vector2__functions.c
[6.633s] -- Installing: /home/kevin/ros2_airweek/install/yolov8_msgs/include/yolov8_msgs/yolov8_msgs/msg/detail/key_point2_d_array__functions.h
[6.633s] -- Installing: /home/kevin/ros2_airweek/install/yolov8_msgs/include/yolov8_msgs/yolov8_msgs/msg/detail/key_point3_d__struct.h
[6.633s] -- Installing: /home/kevin/ros2_airweek/install/yolov8_msgs/include/yolov8_msgs/yolov8_msgs/msg/detail/bounding_box3_d__type_support.h
[6.633s] -- Installing: /home/kevin/ros2_airweek/install/yolov8_msgs/include/yolov8_msgs/yolov8_msgs/msg/detail/key_point2_d__functions.c
[6.633s] -- Installing: /home/kevin/ros2_airweek/install/yolov8_msgs/include/yolov8_msgs/yolov8_msgs/msg/detection_array.h
[6.633s] -- Installing: /home/kevin/ros2_airweek/install/yolov8_msgs/include/yolov8_msgs/yolov8_msgs/msg/detection.h
[6.633s] -- Installing: /home/kevin/ros2_airweek/install/yolov8_msgs/include/yolov8_msgs/yolov8_msgs/msg/bounding_box3_d.h
[6.633s] -- Installing: /home/kevin/ros2_airweek/install/yolov8_msgs/share/yolov8_msgs/environment/library_path.sh
[6.633s] -- Installing: /home/kevin/ros2_airweek/install/yolov8_msgs/share/yolov8_msgs/environment/library_path.dsv
[6.633s] -- Installing: /home/kevin/ros2_airweek/install/yolov8_msgs/lib/libyolov8_msgs__rosidl_generator_c.so
[6.633s] -- Set runtime path of "/home/kevin/ros2_airweek/install/yolov8_msgs/lib/libyolov8_msgs__rosidl_generator_c.so" to ""
[6.633s] -- Up-to-date: /home/kevin/ros2_airweek/install/yolov8_msgs/include/yolov8_msgs/yolov8_msgs
[6.634s] -- Up-to-date: /home/kevin/ros2_airweek/install/yolov8_msgs/include/yolov8_msgs/yolov8_msgs/msg
[6.634s] -- Installing: /home/kevin/ros2_airweek/install/yolov8_msgs/include/yolov8_msgs/yolov8_msgs/msg/rosidl_typesupport_fastrtps_c__visibility_control.h
[6.634s] -- Up-to-date: /home/kevin/ros2_airweek/install/yolov8_msgs/include/yolov8_msgs/yolov8_msgs/msg/detail
[6.634s] -- Installing: /home/kevin/ros2_airweek/install/yolov8_msgs/include/yolov8_msgs/yolov8_msgs/msg/detail/key_point2_d__rosidl_typesupport_fastrtps_c.h
[6.634s] -- Installing: /home/kevin/ros2_airweek/install/yolov8_msgs/include/yolov8_msgs/yolov8_msgs/msg/detail/key_point3_d_array__rosidl_typesupport_fastrtps_c.h
[6.634s] -- Installing: /home/kevin/ros2_airweek/install/yolov8_msgs/include/yolov8_msgs/yolov8_msgs/msg/detail/bounding_box2_d__rosidl_typesupport_fastrtps_c.h
[6.634s] -- Installing: /home/kevin/ros2_airweek/install/yolov8_msgs/include/yolov8_msgs/yolov8_msgs/msg/detail/key_point3_d__rosidl_typesupport_fastrtps_c.h
[6.634s] -- Installing: /home/kevin/ros2_airweek/install/yolov8_msgs/include/yolov8_msgs/yolov8_msgs/msg/detail/detection_array__rosidl_typesupport_fastrtps_c.h
[6.634s] -- Installing: /home/kevin/ros2_airweek/install/yolov8_msgs/include/yolov8_msgs/yolov8_msgs/msg/detail/pose2_d__rosidl_typesupport_fastrtps_c.h
[6.634s] -- Installing: /home/kevin/ros2_airweek/install/yolov8_msgs/include/yolov8_msgs/yolov8_msgs/msg/detail/bounding_box3_d__rosidl_typesupport_fastrtps_c.h
[6.634s] -- Installing: /home/kevin/ros2_airweek/install/yolov8_msgs/include/yolov8_msgs/yolov8_msgs/msg/detail/point2_d__rosidl_typesupport_fastrtps_c.h
[6.634s] -- Installing: /home/kevin/ros2_airweek/install/yolov8_msgs/include/yolov8_msgs/yolov8_msgs/msg/detail/mask__rosidl_typesupport_fastrtps_c.h
[6.634s] -- Installing: /home/kevin/ros2_airweek/install/yolov8_msgs/include/yolov8_msgs/yolov8_msgs/msg/detail/vector2__rosidl_typesupport_fastrtps_c.h
[6.634s] -- Installing: /home/kevin/ros2_airweek/install/yolov8_msgs/include/yolov8_msgs/yolov8_msgs/msg/detail/detection__rosidl_typesupport_fastrtps_c.h
[6.634s] -- Installing: /home/kevin/ros2_airweek/install/yolov8_msgs/include/yolov8_msgs/yolov8_msgs/msg/detail/key_point2_d_array__rosidl_typesupport_fastrtps_c.h
[6.634s] -- Installing: /home/kevin/ros2_airweek/install/yolov8_msgs/lib/libyolov8_msgs__rosidl_typesupport_fastrtps_c.so
[6.634s] -- Set runtime path of "/home/kevin/ros2_airweek/install/yolov8_msgs/lib/libyolov8_msgs__rosidl_typesupport_fastrtps_c.so" to ""
[6.634s] -- Up-to-date: /home/kevin/ros2_airweek/install/yolov8_msgs/include/yolov8_msgs/yolov8_msgs
[6.634s] -- Up-to-date: /home/kevin/ros2_airweek/install/yolov8_msgs/include/yolov8_msgs/yolov8_msgs/msg
[6.634s] -- Installing: /home/kevin/ros2_airweek/install/yolov8_msgs/include/yolov8_msgs/yolov8_msgs/msg/rosidl_typesupport_introspection_c__visibility_control.h
[6.634s] -- Up-to-date: /home/kevin/ros2_airweek/install/yolov8_msgs/include/yolov8_msgs/yolov8_msgs/msg/detail
[6.634s] -- Installing: /home/kevin/ros2_airweek/install/yolov8_msgs/include/yolov8_msgs/yolov8_msgs/msg/detail/vector2__rosidl_typesupport_introspection_c.h
[6.634s] -- Installing: /home/kevin/ros2_airweek/install/yolov8_msgs/include/yolov8_msgs/yolov8_msgs/msg/detail/bounding_box2_d__rosidl_typesupport_introspection_c.h
[6.634s] -- Installing: /home/kevin/ros2_airweek/install/yolov8_msgs/include/yolov8_msgs/yolov8_msgs/msg/detail/key_point2_d__type_support.c
[6.634s] -- Installing: /home/kevin/ros2_airweek/install/yolov8_msgs/include/yolov8_msgs/yolov8_msgs/msg/detail/pose2_d__type_support.c
[6.634s] -- Installing: /home/kevin/ros2_airweek/install/yolov8_msgs/include/yolov8_msgs/yolov8_msgs/msg/detail/detection__rosidl_typesupport_introspection_c.h
[6.634s] -- Installing: /home/kevin/ros2_airweek/install/yolov8_msgs/include/yolov8_msgs/yolov8_msgs/msg/detail/key_point3_d_array__type_support.c
[6.635s] -- Installing: /home/kevin/ros2_airweek/install/yolov8_msgs/include/yolov8_msgs/yolov8_msgs/msg/detail/point2_d__type_support.c
[6.635s] -- Installing: /home/kevin/ros2_airweek/install/yolov8_msgs/include/yolov8_msgs/yolov8_msgs/msg/detail/detection_array__rosidl_typesupport_introspection_c.h
[6.635s] -- Installing: /home/kevin/ros2_airweek/install/yolov8_msgs/include/yolov8_msgs/yolov8_msgs/msg/detail/key_point3_d_array__rosidl_typesupport_introspection_c.h
[6.635s] -- Installing: /home/kevin/ros2_airweek/install/yolov8_msgs/include/yolov8_msgs/yolov8_msgs/msg/detail/key_point2_d_array__type_support.c
[6.635s] -- Installing: /home/kevin/ros2_airweek/install/yolov8_msgs/include/yolov8_msgs/yolov8_msgs/msg/detail/key_point2_d_array__rosidl_typesupport_introspection_c.h
[6.635s] -- Installing: /home/kevin/ros2_airweek/install/yolov8_msgs/include/yolov8_msgs/yolov8_msgs/msg/detail/mask__rosidl_typesupport_introspection_c.h
[6.635s] -- Installing: /home/kevin/ros2_airweek/install/yolov8_msgs/include/yolov8_msgs/yolov8_msgs/msg/detail/mask__type_support.c
[6.635s] -- Installing: /home/kevin/ros2_airweek/install/yolov8_msgs/include/yolov8_msgs/yolov8_msgs/msg/detail/bounding_box3_d__type_support.c
[6.635s] -- Installing: /home/kevin/ros2_airweek/install/yolov8_msgs/include/yolov8_msgs/yolov8_msgs/msg/detail/vector2__type_support.c
[6.635s] -- Installing: /home/kevin/ros2_airweek/install/yolov8_msgs/include/yolov8_msgs/yolov8_msgs/msg/detail/detection_array__type_support.c
[6.635s] -- Installing: /home/kevin/ros2_airweek/install/yolov8_msgs/include/yolov8_msgs/yolov8_msgs/msg/detail/point2_d__rosidl_typesupport_introspection_c.h
[6.635s] -- Installing: /home/kevin/ros2_airweek/install/yolov8_msgs/include/yolov8_msgs/yolov8_msgs/msg/detail/key_point2_d__rosidl_typesupport_introspection_c.h
[6.635s] -- Installing: /home/kevin/ros2_airweek/install/yolov8_msgs/include/yolov8_msgs/yolov8_msgs/msg/detail/key_point3_d__rosidl_typesupport_introspection_c.h
[6.635s] -- Installing: /home/kevin/ros2_airweek/install/yolov8_msgs/include/yolov8_msgs/yolov8_msgs/msg/detail/bounding_box2_d__type_support.c
[6.635s] -- Installing: /home/kevin/ros2_airweek/install/yolov8_msgs/include/yolov8_msgs/yolov8_msgs/msg/detail/key_point3_d__type_support.c
[6.635s] -- Installing: /home/kevin/ros2_airweek/install/yolov8_msgs/include/yolov8_msgs/yolov8_msgs/msg/detail/pose2_d__rosidl_typesupport_introspection_c.h
[6.635s] -- Installing: /home/kevin/ros2_airweek/install/yolov8_msgs/include/yolov8_msgs/yolov8_msgs/msg/detail/detection__type_support.c
[6.635s] -- Installing: /home/kevin/ros2_airweek/install/yolov8_msgs/include/yolov8_msgs/yolov8_msgs/msg/detail/bounding_box3_d__rosidl_typesupport_introspection_c.h
[6.635s] -- Installing: /home/kevin/ros2_airweek/install/yolov8_msgs/lib/libyolov8_msgs__rosidl_typesupport_introspection_c.so
[6.635s] -- Set runtime path of "/home/kevin/ros2_airweek/install/yolov8_msgs/lib/libyolov8_msgs__rosidl_typesupport_introspection_c.so" to ""
[6.635s] -- Installing: /home/kevin/ros2_airweek/install/yolov8_msgs/lib/libyolov8_msgs__rosidl_typesupport_c.so
[6.636s] -- Set runtime path of "/home/kevin/ros2_airweek/install/yolov8_msgs/lib/libyolov8_msgs__rosidl_typesupport_c.so" to ""
[6.636s] -- Up-to-date: /home/kevin/ros2_airweek/install/yolov8_msgs/include/yolov8_msgs/yolov8_msgs
[6.636s] -- Up-to-date: /home/kevin/ros2_airweek/install/yolov8_msgs/include/yolov8_msgs/yolov8_msgs/msg
[6.636s] -- Installing: /home/kevin/ros2_airweek/install/yolov8_msgs/include/yolov8_msgs/yolov8_msgs/msg/bounding_box3_d.hpp
[6.636s] -- Installing: /home/kevin/ros2_airweek/install/yolov8_msgs/include/yolov8_msgs/yolov8_msgs/msg/key_point2_d.hpp
[6.636s] -- Installing: /home/kevin/ros2_airweek/install/yolov8_msgs/include/yolov8_msgs/yolov8_msgs/msg/detection.hpp
[6.636s] -- Installing: /home/kevin/ros2_airweek/install/yolov8_msgs/include/yolov8_msgs/yolov8_msgs/msg/vector2.hpp
[6.636s] -- Installing: /home/kevin/ros2_airweek/install/yolov8_msgs/include/yolov8_msgs/yolov8_msgs/msg/pose2_d.hpp
[6.636s] -- Installing: /home/kevin/ros2_airweek/install/yolov8_msgs/include/yolov8_msgs/yolov8_msgs/msg/point2_d.hpp
[6.636s] -- Installing: /home/kevin/ros2_airweek/install/yolov8_msgs/include/yolov8_msgs/yolov8_msgs/msg/key_point3_d.hpp
[6.636s] -- Installing: /home/kevin/ros2_airweek/install/yolov8_msgs/include/yolov8_msgs/yolov8_msgs/msg/detection_array.hpp
[6.636s] -- Up-to-date: /home/kevin/ros2_airweek/install/yolov8_msgs/include/yolov8_msgs/yolov8_msgs/msg/detail
[6.636s] -- Installing: /home/kevin/ros2_airweek/install/yolov8_msgs/include/yolov8_msgs/yolov8_msgs/msg/detail/detection_array__builder.hpp
[6.636s] -- Installing: /home/kevin/ros2_airweek/install/yolov8_msgs/include/yolov8_msgs/yolov8_msgs/msg/detail/key_point2_d__traits.hpp
[6.636s] -- Installing: /home/kevin/ros2_airweek/install/yolov8_msgs/include/yolov8_msgs/yolov8_msgs/msg/detail/mask__struct.hpp
[6.636s] -- Installing: /home/kevin/ros2_airweek/install/yolov8_msgs/include/yolov8_msgs/yolov8_msgs/msg/detail/key_point2_d__struct.hpp
[6.636s] -- Installing: /home/kevin/ros2_airweek/install/yolov8_msgs/include/yolov8_msgs/yolov8_msgs/msg/detail/key_point2_d_array__struct.hpp
[6.636s] -- Installing: /home/kevin/ros2_airweek/install/yolov8_msgs/include/yolov8_msgs/yolov8_msgs/msg/detail/key_point2_d__builder.hpp
[6.636s] -- Installing: /home/kevin/ros2_airweek/install/yolov8_msgs/include/yolov8_msgs/yolov8_msgs/msg/detail/bounding_box3_d__builder.hpp
[6.636s] -- Installing: /home/kevin/ros2_airweek/install/yolov8_msgs/include/yolov8_msgs/yolov8_msgs/msg/detail/point2_d__traits.hpp
[6.636s] -- Installing: /home/kevin/ros2_airweek/install/yolov8_msgs/include/yolov8_msgs/yolov8_msgs/msg/detail/bounding_box3_d__struct.hpp
[6.636s] -- Installing: /home/kevin/ros2_airweek/install/yolov8_msgs/include/yolov8_msgs/yolov8_msgs/msg/detail/detection_array__struct.hpp
[6.636s] -- Installing: /home/kevin/ros2_airweek/install/yolov8_msgs/include/yolov8_msgs/yolov8_msgs/msg/detail/key_point3_d__struct.hpp
[6.636s] -- Installing: /home/kevin/ros2_airweek/install/yolov8_msgs/include/yolov8_msgs/yolov8_msgs/msg/detail/key_point2_d_array__builder.hpp
[6.636s] -- Installing: /home/kevin/ros2_airweek/install/yolov8_msgs/include/yolov8_msgs/yolov8_msgs/msg/detail/detection__traits.hpp
[6.637s] -- Installing: /home/kevin/ros2_airweek/install/yolov8_msgs/include/yolov8_msgs/yolov8_msgs/msg/detail/mask__traits.hpp
[6.637s] -- Installing: /home/kevin/ros2_airweek/install/yolov8_msgs/include/yolov8_msgs/yolov8_msgs/msg/detail/mask__builder.hpp
[6.637s] -- Installing: /home/kevin/ros2_airweek/install/yolov8_msgs/include/yolov8_msgs/yolov8_msgs/msg/detail/point2_d__builder.hpp
[6.637s] -- Installing: /home/kevin/ros2_airweek/install/yolov8_msgs/include/yolov8_msgs/yolov8_msgs/msg/detail/vector2__builder.hpp
[6.637s] -- Installing: /home/kevin/ros2_airweek/install/yolov8_msgs/include/yolov8_msgs/yolov8_msgs/msg/detail/key_point3_d_array__builder.hpp
[6.637s] -- Installing: /home/kevin/ros2_airweek/install/yolov8_msgs/include/yolov8_msgs/yolov8_msgs/msg/detail/bounding_box3_d__traits.hpp
[6.637s] -- Installing: /home/kevin/ros2_airweek/install/yolov8_msgs/include/yolov8_msgs/yolov8_msgs/msg/detail/point2_d__struct.hpp
[6.637s] -- Installing: /home/kevin/ros2_airweek/install/yolov8_msgs/include/yolov8_msgs/yolov8_msgs/msg/detail/key_point3_d_array__struct.hpp
[6.637s] -- Installing: /home/kevin/ros2_airweek/install/yolov8_msgs/include/yolov8_msgs/yolov8_msgs/msg/detail/vector2__traits.hpp
[6.637s] -- Installing: /home/kevin/ros2_airweek/install/yolov8_msgs/include/yolov8_msgs/yolov8_msgs/msg/detail/bounding_box2_d__builder.hpp
[6.637s] -- Installing: /home/kevin/ros2_airweek/install/yolov8_msgs/include/yolov8_msgs/yolov8_msgs/msg/detail/pose2_d__struct.hpp
[6.637s] -- Installing: /home/kevin/ros2_airweek/install/yolov8_msgs/include/yolov8_msgs/yolov8_msgs/msg/detail/pose2_d__traits.hpp
[6.637s] -- Installing: /home/kevin/ros2_airweek/install/yolov8_msgs/include/yolov8_msgs/yolov8_msgs/msg/detail/key_point2_d_array__traits.hpp
[6.637s] -- Installing: /home/kevin/ros2_airweek/install/yolov8_msgs/include/yolov8_msgs/yolov8_msgs/msg/detail/bounding_box2_d__struct.hpp
[6.637s] -- Installing: /home/kevin/ros2_airweek/install/yolov8_msgs/include/yolov8_msgs/yolov8_msgs/msg/detail/key_point3_d__builder.hpp
[6.637s] -- Installing: /home/kevin/ros2_airweek/install/yolov8_msgs/include/yolov8_msgs/yolov8_msgs/msg/detail/detection__struct.hpp
[6.637s] -- Installing: /home/kevin/ros2_airweek/install/yolov8_msgs/include/yolov8_msgs/yolov8_msgs/msg/detail/bounding_box2_d__traits.hpp
[6.637s] -- Installing: /home/kevin/ros2_airweek/install/yolov8_msgs/include/yolov8_msgs/yolov8_msgs/msg/detail/detection__builder.hpp
[6.637s] -- Installing: /home/kevin/ros2_airweek/install/yolov8_msgs/include/yolov8_msgs/yolov8_msgs/msg/detail/vector2__struct.hpp
[6.637s] -- Installing: /home/kevin/ros2_airweek/install/yolov8_msgs/include/yolov8_msgs/yolov8_msgs/msg/detail/detection_array__traits.hpp
[6.637s] -- Installing: /home/kevin/ros2_airweek/install/yolov8_msgs/include/yolov8_msgs/yolov8_msgs/msg/detail/key_point3_d_array__traits.hpp
[6.637s] -- Installing: /home/kevin/ros2_airweek/install/yolov8_msgs/include/yolov8_msgs/yolov8_msgs/msg/detail/key_point3_d__traits.hpp
[6.637s] -- Installing: /home/kevin/ros2_airweek/install/yolov8_msgs/include/yolov8_msgs/yolov8_msgs/msg/detail/pose2_d__builder.hpp
[6.637s] -- Installing: /home/kevin/ros2_airweek/install/yolov8_msgs/include/yolov8_msgs/yolov8_msgs/msg/mask.hpp
[6.637s] -- Installing: /home/kevin/ros2_airweek/install/yolov8_msgs/include/yolov8_msgs/yolov8_msgs/msg/key_point3_d_array.hpp
[6.637s] -- Installing: /home/kevin/ros2_airweek/install/yolov8_msgs/include/yolov8_msgs/yolov8_msgs/msg/bounding_box2_d.hpp
[6.637s] -- Installing: /home/kevin/ros2_airweek/install/yolov8_msgs/include/yolov8_msgs/yolov8_msgs/msg/key_point2_d_array.hpp
[6.637s] -- Up-to-date: /home/kevin/ros2_airweek/install/yolov8_msgs/include/yolov8_msgs/yolov8_msgs
[6.638s] -- Up-to-date: /home/kevin/ros2_airweek/install/yolov8_msgs/include/yolov8_msgs/yolov8_msgs/msg
[6.638s] -- Installing: /home/kevin/ros2_airweek/install/yolov8_msgs/include/yolov8_msgs/yolov8_msgs/msg/rosidl_typesupport_fastrtps_cpp__visibility_control.h
[6.638s] -- Up-to-date: /home/kevin/ros2_airweek/install/yolov8_msgs/include/yolov8_msgs/yolov8_msgs/msg/detail
[6.638s] -- Installing: /home/kevin/ros2_airweek/install/yolov8_msgs/include/yolov8_msgs/yolov8_msgs/msg/detail/mask__rosidl_typesupport_fastrtps_cpp.hpp
[6.638s] -- Installing: /home/kevin/ros2_airweek/install/yolov8_msgs/include/yolov8_msgs/yolov8_msgs/msg/detail/detection_array__rosidl_typesupport_fastrtps_cpp.hpp
[6.638s] -- Installing: /home/kevin/ros2_airweek/install/yolov8_msgs/include/yolov8_msgs/yolov8_msgs/msg/detail/bounding_box2_d__rosidl_typesupport_fastrtps_cpp.hpp
[6.638s] -- Installing: /home/kevin/ros2_airweek/install/yolov8_msgs/include/yolov8_msgs/yolov8_msgs/msg/detail/point2_d__rosidl_typesupport_fastrtps_cpp.hpp
[6.638s] -- Installing: /home/kevin/ros2_airweek/install/yolov8_msgs/include/yolov8_msgs/yolov8_msgs/msg/detail/dds_fastrtps
[6.638s] -- Installing: /home/kevin/ros2_airweek/install/yolov8_msgs/include/yolov8_msgs/yolov8_msgs/msg/detail/vector2__rosidl_typesupport_fastrtps_cpp.hpp
[6.638s] -- Installing: /home/kevin/ros2_airweek/install/yolov8_msgs/include/yolov8_msgs/yolov8_msgs/msg/detail/key_point3_d_array__rosidl_typesupport_fastrtps_cpp.hpp
[6.638s] -- Installing: /home/kevin/ros2_airweek/install/yolov8_msgs/include/yolov8_msgs/yolov8_msgs/msg/detail/key_point2_d_array__rosidl_typesupport_fastrtps_cpp.hpp
[6.638s] -- Installing: /home/kevin/ros2_airweek/install/yolov8_msgs/include/yolov8_msgs/yolov8_msgs/msg/detail/detection__rosidl_typesupport_fastrtps_cpp.hpp
[6.638s] -- Installing: /home/kevin/ros2_airweek/install/yolov8_msgs/include/yolov8_msgs/yolov8_msgs/msg/detail/key_point2_d__rosidl_typesupport_fastrtps_cpp.hpp
[6.638s] -- Installing: /home/kevin/ros2_airweek/install/yolov8_msgs/include/yolov8_msgs/yolov8_msgs/msg/detail/bounding_box3_d__rosidl_typesupport_fastrtps_cpp.hpp
[6.638s] -- Installing: /home/kevin/ros2_airweek/install/yolov8_msgs/include/yolov8_msgs/yolov8_msgs/msg/detail/key_point3_d__rosidl_typesupport_fastrtps_cpp.hpp
[6.638s] -- Installing: /home/kevin/ros2_airweek/install/yolov8_msgs/include/yolov8_msgs/yolov8_msgs/msg/detail/pose2_d__rosidl_typesupport_fastrtps_cpp.hpp
[6.638s] -- Installing: /home/kevin/ros2_airweek/install/yolov8_msgs/lib/libyolov8_msgs__rosidl_typesupport_fastrtps_cpp.so
[6.638s] -- Set runtime path of "/home/kevin/ros2_airweek/install/yolov8_msgs/lib/libyolov8_msgs__rosidl_typesupport_fastrtps_cpp.so" to ""
[6.638s] -- Up-to-date: /home/kevin/ros2_airweek/install/yolov8_msgs/include/yolov8_msgs/yolov8_msgs
[6.638s] -- Up-to-date: /home/kevin/ros2_airweek/install/yolov8_msgs/include/yolov8_msgs/yolov8_msgs/msg
[6.638s] -- Up-to-date: /home/kevin/ros2_airweek/install/yolov8_msgs/include/yolov8_msgs/yolov8_msgs/msg/detail
[6.638s] -- Installing: /home/kevin/ros2_airweek/install/yolov8_msgs/include/yolov8_msgs/yolov8_msgs/msg/detail/bounding_box2_d__rosidl_typesupport_introspection_cpp.hpp
[6.638s] -- Installing: /home/kevin/ros2_airweek/install/yolov8_msgs/include/yolov8_msgs/yolov8_msgs/msg/detail/key_point2_d__rosidl_typesupport_introspection_cpp.hpp
[6.638s] -- Installing: /home/kevin/ros2_airweek/install/yolov8_msgs/include/yolov8_msgs/yolov8_msgs/msg/detail/vector2__rosidl_typesupport_introspection_cpp.hpp
[6.638s] -- Installing: /home/kevin/ros2_airweek/install/yolov8_msgs/include/yolov8_msgs/yolov8_msgs/msg/detail/detection_array__rosidl_typesupport_introspection_cpp.hpp
[6.638s] -- Installing: /home/kevin/ros2_airweek/install/yolov8_msgs/include/yolov8_msgs/yolov8_msgs/msg/detail/bounding_box2_d__type_support.cpp
[6.638s] -- Installing: /home/kevin/ros2_airweek/install/yolov8_msgs/include/yolov8_msgs/yolov8_msgs/msg/detail/pose2_d__type_support.cpp
[6.638s] -- Installing: /home/kevin/ros2_airweek/install/yolov8_msgs/include/yolov8_msgs/yolov8_msgs/msg/detail/detection__type_support.cpp
[6.638s] -- Installing: /home/kevin/ros2_airweek/install/yolov8_msgs/include/yolov8_msgs/yolov8_msgs/msg/detail/key_point3_d__rosidl_typesupport_introspection_cpp.hpp
[6.638s] -- Installing: /home/kevin/ros2_airweek/install/yolov8_msgs/include/yolov8_msgs/yolov8_msgs/msg/detail/key_point3_d__type_support.cpp
[6.639s] -- Installing: /home/kevin/ros2_airweek/install/yolov8_msgs/include/yolov8_msgs/yolov8_msgs/msg/detail/bounding_box3_d__rosidl_typesupport_introspection_cpp.hpp
[6.639s] -- Installing: /home/kevin/ros2_airweek/install/yolov8_msgs/include/yolov8_msgs/yolov8_msgs/msg/detail/bounding_box3_d__type_support.cpp
[6.639s] -- Installing: /home/kevin/ros2_airweek/install/yolov8_msgs/include/yolov8_msgs/yolov8_msgs/msg/detail/detection_array__type_support.cpp
[6.639s] -- Installing: /home/kevin/ros2_airweek/install/yolov8_msgs/include/yolov8_msgs/yolov8_msgs/msg/detail/mask__type_support.cpp
[6.639s] -- Installing: /home/kevin/ros2_airweek/install/yolov8_msgs/include/yolov8_msgs/yolov8_msgs/msg/detail/point2_d__rosidl_typesupport_introspection_cpp.hpp
[6.639s] -- Installing: /home/kevin/ros2_airweek/install/yolov8_msgs/include/yolov8_msgs/yolov8_msgs/msg/detail/mask__rosidl_typesupport_introspection_cpp.hpp
[6.639s] -- Installing: /home/kevin/ros2_airweek/install/yolov8_msgs/include/yolov8_msgs/yolov8_msgs/msg/detail/key_point2_d__type_support.cpp
[6.639s] -- Installing: /home/kevin/ros2_airweek/install/yolov8_msgs/include/yolov8_msgs/yolov8_msgs/msg/detail/key_point3_d_array__type_support.cpp
[6.639s] -- Installing: /home/kevin/ros2_airweek/install/yolov8_msgs/include/yolov8_msgs/yolov8_msgs/msg/detail/key_point2_d_array__rosidl_typesupport_introspection_cpp.hpp
[6.639s] -- Installing: /home/kevin/ros2_airweek/install/yolov8_msgs/include/yolov8_msgs/yolov8_msgs/msg/detail/point2_d__type_support.cpp
[6.639s] -- Installing: /home/kevin/ros2_airweek/install/yolov8_msgs/include/yolov8_msgs/yolov8_msgs/msg/detail/pose2_d__rosidl_typesupport_introspection_cpp.hpp
[6.639s] -- Installing: /home/kevin/ros2_airweek/install/yolov8_msgs/include/yolov8_msgs/yolov8_msgs/msg/detail/key_point3_d_array__rosidl_typesupport_introspection_cpp.hpp
[6.639s] -- Installing: /home/kevin/ros2_airweek/install/yolov8_msgs/include/yolov8_msgs/yolov8_msgs/msg/detail/key_point2_d_array__type_support.cpp
[6.639s] -- Installing: /home/kevin/ros2_airweek/install/yolov8_msgs/include/yolov8_msgs/yolov8_msgs/msg/detail/vector2__type_support.cpp
[6.639s] -- Installing: /home/kevin/ros2_airweek/install/yolov8_msgs/include/yolov8_msgs/yolov8_msgs/msg/detail/detection__rosidl_typesupport_introspection_cpp.hpp
[6.639s] -- Installing: /home/kevin/ros2_airweek/install/yolov8_msgs/lib/libyolov8_msgs__rosidl_typesupport_introspection_cpp.so
[6.639s] -- Set runtime path of "/home/kevin/ros2_airweek/install/yolov8_msgs/lib/libyolov8_msgs__rosidl_typesupport_introspection_cpp.so" to ""
[6.639s] -- Installing: /home/kevin/ros2_airweek/install/yolov8_msgs/lib/libyolov8_msgs__rosidl_typesupport_cpp.so
[6.639s] -- Set runtime path of "/home/kevin/ros2_airweek/install/yolov8_msgs/lib/libyolov8_msgs__rosidl_typesupport_cpp.so" to ""
[6.639s] -- Installing: /home/kevin/ros2_airweek/install/yolov8_msgs/share/yolov8_msgs/environment/pythonpath.sh
[6.639s] -- Installing: /home/kevin/ros2_airweek/install/yolov8_msgs/share/yolov8_msgs/environment/pythonpath.dsv
[6.639s] -- Installing: /home/kevin/ros2_airweek/install/yolov8_msgs/local/lib/python3.10/dist-packages/yolov8_msgs-0.0.0-py3.10.egg-info
[6.640s] -- Installing: /home/kevin/ros2_airweek/install/yolov8_msgs/local/lib/python3.10/dist-packages/yolov8_msgs-0.0.0-py3.10.egg-info/top_level.txt
[6.640s] -- Installing: /home/kevin/ros2_airweek/install/yolov8_msgs/local/lib/python3.10/dist-packages/yolov8_msgs-0.0.0-py3.10.egg-info/SOURCES.txt
[6.640s] -- Installing: /home/kevin/ros2_airweek/install/yolov8_msgs/local/lib/python3.10/dist-packages/yolov8_msgs-0.0.0-py3.10.egg-info/dependency_links.txt
[6.640s] -- Installing: /home/kevin/ros2_airweek/install/yolov8_msgs/local/lib/python3.10/dist-packages/yolov8_msgs-0.0.0-py3.10.egg-info/PKG-INFO
[6.640s] -- Installing: /home/kevin/ros2_airweek/install/yolov8_msgs/local/lib/python3.10/dist-packages/yolov8_msgs
[6.640s] -- Installing: /home/kevin/ros2_airweek/install/yolov8_msgs/local/lib/python3.10/dist-packages/yolov8_msgs/msg
[6.640s] -- Installing: /home/kevin/ros2_airweek/install/yolov8_msgs/local/lib/python3.10/dist-packages/yolov8_msgs/msg/_key_point2_d_array.py
[6.640s] -- Installing: /home/kevin/ros2_airweek/install/yolov8_msgs/local/lib/python3.10/dist-packages/yolov8_msgs/msg/_mask.py
[6.640s] -- Installing: /home/kevin/ros2_airweek/install/yolov8_msgs/local/lib/python3.10/dist-packages/yolov8_msgs/msg/_pose2_d_s.c
[6.640s] -- Installing: /home/kevin/ros2_airweek/install/yolov8_msgs/local/lib/python3.10/dist-packages/yolov8_msgs/msg/_detection_array.py
[6.640s] -- Installing: /home/kevin/ros2_airweek/install/yolov8_msgs/local/lib/python3.10/dist-packages/yolov8_msgs/msg/_bounding_box3_d_s.c
[6.640s] -- Installing: /home/kevin/ros2_airweek/install/yolov8_msgs/local/lib/python3.10/dist-packages/yolov8_msgs/msg/_vector2_s.c
[6.640s] -- Installing: /home/kevin/ros2_airweek/install/yolov8_msgs/local/lib/python3.10/dist-packages/yolov8_msgs/msg/_key_point3_d.py
[6.640s] -- Installing: /home/kevin/ros2_airweek/install/yolov8_msgs/local/lib/python3.10/dist-packages/yolov8_msgs/msg/_detection_s.c
[6.640s] -- Installing: /home/kevin/ros2_airweek/install/yolov8_msgs/local/lib/python3.10/dist-packages/yolov8_msgs/msg/_mask_s.c
[6.640s] -- Installing: /home/kevin/ros2_airweek/install/yolov8_msgs/local/lib/python3.10/dist-packages/yolov8_msgs/msg/_pose2_d.py
[6.640s] -- Installing: /home/kevin/ros2_airweek/install/yolov8_msgs/local/lib/python3.10/dist-packages/yolov8_msgs/msg/_point2_d_s.c
[6.640s] -- Installing: /home/kevin/ros2_airweek/install/yolov8_msgs/local/lib/python3.10/dist-packages/yolov8_msgs/msg/_key_point2_d_s.c
[6.640s] -- Installing: /home/kevin/ros2_airweek/install/yolov8_msgs/local/lib/python3.10/dist-packages/yolov8_msgs/msg/_detection_array_s.c
[6.640s] -- Installing: /home/kevin/ros2_airweek/install/yolov8_msgs/local/lib/python3.10/dist-packages/yolov8_msgs/msg/_key_point3_d_s.c
[6.640s] -- Installing: /home/kevin/ros2_airweek/install/yolov8_msgs/local/lib/python3.10/dist-packages/yolov8_msgs/msg/_detection.py
[6.640s] -- Installing: /home/kevin/ros2_airweek/install/yolov8_msgs/local/lib/python3.10/dist-packages/yolov8_msgs/msg/_bounding_box2_d_s.c
[6.640s] -- Installing: /home/kevin/ros2_airweek/install/yolov8_msgs/local/lib/python3.10/dist-packages/yolov8_msgs/msg/__init__.py
[6.640s] -- Installing: /home/kevin/ros2_airweek/install/yolov8_msgs/local/lib/python3.10/dist-packages/yolov8_msgs/msg/_bounding_box2_d.py
[6.640s] -- Installing: /home/kevin/ros2_airweek/install/yolov8_msgs/local/lib/python3.10/dist-packages/yolov8_msgs/msg/_key_point3_d_array_s.c
[6.640s] -- Installing: /home/kevin/ros2_airweek/install/yolov8_msgs/local/lib/python3.10/dist-packages/yolov8_msgs/msg/_key_point3_d_array.py
[6.640s] -- Installing: /home/kevin/ros2_airweek/install/yolov8_msgs/local/lib/python3.10/dist-packages/yolov8_msgs/msg/_point2_d.py
[6.640s] -- Installing: /home/kevin/ros2_airweek/install/yolov8_msgs/local/lib/python3.10/dist-packages/yolov8_msgs/msg/_vector2.py
[6.640s] -- Installing: /home/kevin/ros2_airweek/install/yolov8_msgs/local/lib/python3.10/dist-packages/yolov8_msgs/msg/_key_point2_d.py
[6.640s] -- Installing: /home/kevin/ros2_airweek/install/yolov8_msgs/local/lib/python3.10/dist-packages/yolov8_msgs/msg/_key_point2_d_array_s.c
[6.640s] -- Installing: /home/kevin/ros2_airweek/install/yolov8_msgs/local/lib/python3.10/dist-packages/yolov8_msgs/msg/_bounding_box3_d.py
[6.641s] -- Installing: /home/kevin/ros2_airweek/install/yolov8_msgs/local/lib/python3.10/dist-packages/yolov8_msgs/_yolov8_msgs_s.ep.rosidl_typesupport_c.c
[6.641s] -- Installing: /home/kevin/ros2_airweek/install/yolov8_msgs/local/lib/python3.10/dist-packages/yolov8_msgs/_yolov8_msgs_s.ep.rosidl_typesupport_fastrtps_c.c
[6.641s] -- Installing: /home/kevin/ros2_airweek/install/yolov8_msgs/local/lib/python3.10/dist-packages/yolov8_msgs/yolov8_msgs_s__rosidl_typesupport_introspection_c.cpython-310-x86_64-linux-gnu.so
[6.641s] -- Installing: /home/kevin/ros2_airweek/install/yolov8_msgs/local/lib/python3.10/dist-packages/yolov8_msgs/_yolov8_msgs_s.ep.rosidl_typesupport_introspection_c.c
[6.641s] -- Installing: /home/kevin/ros2_airweek/install/yolov8_msgs/local/lib/python3.10/dist-packages/yolov8_msgs/__init__.py
[6.641s] -- Installing: /home/kevin/ros2_airweek/install/yolov8_msgs/local/lib/python3.10/dist-packages/yolov8_msgs/yolov8_msgs_s__rosidl_typesupport_fastrtps_c.cpython-310-x86_64-linux-gnu.so
[6.641s] -- Installing: /home/kevin/ros2_airweek/install/yolov8_msgs/local/lib/python3.10/dist-packages/yolov8_msgs/libyolov8_msgs__rosidl_generator_py.so
[6.641s] -- Installing: /home/kevin/ros2_airweek/install/yolov8_msgs/local/lib/python3.10/dist-packages/yolov8_msgs/yolov8_msgs_s__rosidl_typesupport_c.cpython-310-x86_64-linux-gnu.so
[6.661s] Listing '/home/kevin/ros2_airweek/install/yolov8_msgs/local/lib/python3.10/dist-packages/yolov8_msgs'...
[6.661s] Compiling '/home/kevin/ros2_airweek/install/yolov8_msgs/local/lib/python3.10/dist-packages/yolov8_msgs/__init__.py'...
[6.661s] Listing '/home/kevin/ros2_airweek/install/yolov8_msgs/local/lib/python3.10/dist-packages/yolov8_msgs/msg'...
[6.661s] Compiling '/home/kevin/ros2_airweek/install/yolov8_msgs/local/lib/python3.10/dist-packages/yolov8_msgs/msg/__init__.py'...
[6.661s] Compiling '/home/kevin/ros2_airweek/install/yolov8_msgs/local/lib/python3.10/dist-packages/yolov8_msgs/msg/_bounding_box2_d.py'...
[6.661s] Compiling '/home/kevin/ros2_airweek/install/yolov8_msgs/local/lib/python3.10/dist-packages/yolov8_msgs/msg/_bounding_box3_d.py'...
[6.661s] Compiling '/home/kevin/ros2_airweek/install/yolov8_msgs/local/lib/python3.10/dist-packages/yolov8_msgs/msg/_detection.py'...
[6.661s] Compiling '/home/kevin/ros2_airweek/install/yolov8_msgs/local/lib/python3.10/dist-packages/yolov8_msgs/msg/_detection_array.py'...
[6.661s] Compiling '/home/kevin/ros2_airweek/install/yolov8_msgs/local/lib/python3.10/dist-packages/yolov8_msgs/msg/_key_point2_d.py'...
[6.661s] Compiling '/home/kevin/ros2_airweek/install/yolov8_msgs/local/lib/python3.10/dist-packages/yolov8_msgs/msg/_key_point2_d_array.py'...
[6.661s] Compiling '/home/kevin/ros2_airweek/install/yolov8_msgs/local/lib/python3.10/dist-packages/yolov8_msgs/msg/_key_point3_d.py'...
[6.661s] Compiling '/home/kevin/ros2_airweek/install/yolov8_msgs/local/lib/python3.10/dist-packages/yolov8_msgs/msg/_key_point3_d_array.py'...
[6.661s] Compiling '/home/kevin/ros2_airweek/install/yolov8_msgs/local/lib/python3.10/dist-packages/yolov8_msgs/msg/_mask.py'...
[6.661s] Compiling '/home/kevin/ros2_airweek/install/yolov8_msgs/local/lib/python3.10/dist-packages/yolov8_msgs/msg/_point2_d.py'...
[6.661s] Compiling '/home/kevin/ros2_airweek/install/yolov8_msgs/local/lib/python3.10/dist-packages/yolov8_msgs/msg/_pose2_d.py'...
[6.661s] Compiling '/home/kevin/ros2_airweek/install/yolov8_msgs/local/lib/python3.10/dist-packages/yolov8_msgs/msg/_vector2.py'...
[6.663s] -- Installing: /home/kevin/ros2_airweek/install/yolov8_msgs/local/lib/python3.10/dist-packages/yolov8_msgs/yolov8_msgs_s__rosidl_typesupport_fastrtps_c.cpython-310-x86_64-linux-gnu.so
[6.663s] -- Set runtime path of "/home/kevin/ros2_airweek/install/yolov8_msgs/local/lib/python3.10/dist-packages/yolov8_msgs/yolov8_msgs_s__rosidl_typesupport_fastrtps_c.cpython-310-x86_64-linux-gnu.so" to ""
[6.663s] -- Installing: /home/kevin/ros2_airweek/install/yolov8_msgs/local/lib/python3.10/dist-packages/yolov8_msgs/yolov8_msgs_s__rosidl_typesupport_introspection_c.cpython-310-x86_64-linux-gnu.so
[6.663s] -- Set runtime path of "/home/kevin/ros2_airweek/install/yolov8_msgs/local/lib/python3.10/dist-packages/yolov8_msgs/yolov8_msgs_s__rosidl_typesupport_introspection_c.cpython-310-x86_64-linux-gnu.so" to ""
[6.663s] -- Installing: /home/kevin/ros2_airweek/install/yolov8_msgs/local/lib/python3.10/dist-packages/yolov8_msgs/yolov8_msgs_s__rosidl_typesupport_c.cpython-310-x86_64-linux-gnu.so
[6.663s] -- Set runtime path of "/home/kevin/ros2_airweek/install/yolov8_msgs/local/lib/python3.10/dist-packages/yolov8_msgs/yolov8_msgs_s__rosidl_typesupport_c.cpython-310-x86_64-linux-gnu.so" to ""
[6.663s] -- Installing: /home/kevin/ros2_airweek/install/yolov8_msgs/lib/libyolov8_msgs__rosidl_generator_py.so
[6.663s] -- Set runtime path of "/home/kevin/ros2_airweek/install/yolov8_msgs/lib/libyolov8_msgs__rosidl_generator_py.so" to ""
[6.664s] -- Installing: /home/kevin/ros2_airweek/install/yolov8_msgs/share/yolov8_msgs/msg/Point2D.idl
[6.664s] -- Installing: /home/kevin/ros2_airweek/install/yolov8_msgs/share/yolov8_msgs/msg/Vector2.idl
[6.664s] -- Installing: /home/kevin/ros2_airweek/install/yolov8_msgs/share/yolov8_msgs/msg/Pose2D.idl
[6.664s] -- Installing: /home/kevin/ros2_airweek/install/yolov8_msgs/share/yolov8_msgs/msg/BoundingBox2D.idl
[6.664s] -- Installing: /home/kevin/ros2_airweek/install/yolov8_msgs/share/yolov8_msgs/msg/BoundingBox3D.idl
[6.664s] -- Installing: /home/kevin/ros2_airweek/install/yolov8_msgs/share/yolov8_msgs/msg/Mask.idl
[6.664s] -- Installing: /home/kevin/ros2_airweek/install/yolov8_msgs/share/yolov8_msgs/msg/KeyPoint2D.idl
[6.664s] -- Installing: /home/kevin/ros2_airweek/install/yolov8_msgs/share/yolov8_msgs/msg/KeyPoint2DArray.idl
[6.664s] -- Installing: /home/kevin/ros2_airweek/install/yolov8_msgs/share/yolov8_msgs/msg/KeyPoint3D.idl
[6.664s] -- Installing: /home/kevin/ros2_airweek/install/yolov8_msgs/share/yolov8_msgs/msg/KeyPoint3DArray.idl
[6.664s] -- Installing: /home/kevin/ros2_airweek/install/yolov8_msgs/share/yolov8_msgs/msg/Detection.idl
[6.664s] -- Installing: /home/kevin/ros2_airweek/install/yolov8_msgs/share/yolov8_msgs/msg/DetectionArray.idl
[6.664s] -- Installing: /home/kevin/ros2_airweek/install/yolov8_msgs/share/yolov8_msgs/msg/Point2D.msg
[6.664s] -- Installing: /home/kevin/ros2_airweek/install/yolov8_msgs/share/yolov8_msgs/msg/Vector2.msg
[6.664s] -- Installing: /home/kevin/ros2_airweek/install/yolov8_msgs/share/yolov8_msgs/msg/Pose2D.msg
[6.664s] -- Installing: /home/kevin/ros2_airweek/install/yolov8_msgs/share/yolov8_msgs/msg/BoundingBox2D.msg
[6.664s] -- Installing: /home/kevin/ros2_airweek/install/yolov8_msgs/share/yolov8_msgs/msg/BoundingBox3D.msg
[6.664s] -- Installing: /home/kevin/ros2_airweek/install/yolov8_msgs/share/yolov8_msgs/msg/Mask.msg
[6.664s] -- Installing: /home/kevin/ros2_airweek/install/yolov8_msgs/share/yolov8_msgs/msg/KeyPoint2D.msg
[6.664s] -- Installing: /home/kevin/ros2_airweek/install/yolov8_msgs/share/yolov8_msgs/msg/KeyPoint2DArray.msg
[6.664s] -- Installing: /home/kevin/ros2_airweek/install/yolov8_msgs/share/yolov8_msgs/msg/KeyPoint3D.msg
[6.664s] -- Installing: /home/kevin/ros2_airweek/install/yolov8_msgs/share/yolov8_msgs/msg/KeyPoint3DArray.msg
[6.664s] -- Installing: /home/kevin/ros2_airweek/install/yolov8_msgs/share/yolov8_msgs/msg/Detection.msg
[6.664s] -- Installing: /home/kevin/ros2_airweek/install/yolov8_msgs/share/yolov8_msgs/msg/DetectionArray.msg
[6.664s] -- Installing: /home/kevin/ros2_airweek/install/yolov8_msgs/share/ament_index/resource_index/package_run_dependencies/yolov8_msgs
[6.665s] -- Installing: /home/kevin/ros2_airweek/install/yolov8_msgs/share/ament_index/resource_index/parent_prefix_path/yolov8_msgs
[6.665s] -- Installing: /home/kevin/ros2_airweek/install/yolov8_msgs/share/yolov8_msgs/environment/ament_prefix_path.sh
[6.665s] -- Installing: /home/kevin/ros2_airweek/install/yolov8_msgs/share/yolov8_msgs/environment/ament_prefix_path.dsv
[6.665s] -- Installing: /home/kevin/ros2_airweek/install/yolov8_msgs/share/yolov8_msgs/environment/path.sh
[6.665s] -- Installing: /home/kevin/ros2_airweek/install/yolov8_msgs/share/yolov8_msgs/environment/path.dsv
[6.665s] -- Installing: /home/kevin/ros2_airweek/install/yolov8_msgs/share/yolov8_msgs/local_setup.bash
[6.665s] -- Installing: /home/kevin/ros2_airweek/install/yolov8_msgs/share/yolov8_msgs/local_setup.sh
[6.665s] -- Installing: /home/kevin/ros2_airweek/install/yolov8_msgs/share/yolov8_msgs/local_setup.zsh
[6.665s] -- Installing: /home/kevin/ros2_airweek/install/yolov8_msgs/share/yolov8_msgs/local_setup.dsv
[6.665s] -- Installing: /home/kevin/ros2_airweek/install/yolov8_msgs/share/yolov8_msgs/package.dsv
[6.665s] -- Installing: /home/kevin/ros2_airweek/install/yolov8_msgs/share/ament_index/resource_index/packages/yolov8_msgs
[6.665s] -- Installing: /home/kevin/ros2_airweek/install/yolov8_msgs/share/yolov8_msgs/cmake/export_yolov8_msgs__rosidl_generator_cExport.cmake
[6.665s] -- Installing: /home/kevin/ros2_airweek/install/yolov8_msgs/share/yolov8_msgs/cmake/export_yolov8_msgs__rosidl_generator_cExport-noconfig.cmake
[6.665s] -- Installing: /home/kevin/ros2_airweek/install/yolov8_msgs/share/yolov8_msgs/cmake/export_yolov8_msgs__rosidl_typesupport_fastrtps_cExport.cmake
[6.665s] -- Installing: /home/kevin/ros2_airweek/install/yolov8_msgs/share/yolov8_msgs/cmake/export_yolov8_msgs__rosidl_typesupport_fastrtps_cExport-noconfig.cmake
[6.665s] -- Installing: /home/kevin/ros2_airweek/install/yolov8_msgs/share/yolov8_msgs/cmake/yolov8_msgs__rosidl_typesupport_introspection_cExport.cmake
[6.665s] -- Installing: /home/kevin/ros2_airweek/install/yolov8_msgs/share/yolov8_msgs/cmake/yolov8_msgs__rosidl_typesupport_introspection_cExport-noconfig.cmake
[6.665s] -- Installing: /home/kevin/ros2_airweek/install/yolov8_msgs/share/yolov8_msgs/cmake/yolov8_msgs__rosidl_typesupport_cExport.cmake
[6.665s] -- Installing: /home/kevin/ros2_airweek/install/yolov8_msgs/share/yolov8_msgs/cmake/yolov8_msgs__rosidl_typesupport_cExport-noconfig.cmake
[6.665s] -- Installing: /home/kevin/ros2_airweek/install/yolov8_msgs/share/yolov8_msgs/cmake/export_yolov8_msgs__rosidl_generator_cppExport.cmake
[6.665s] -- Installing: /home/kevin/ros2_airweek/install/yolov8_msgs/share/yolov8_msgs/cmake/export_yolov8_msgs__rosidl_typesupport_fastrtps_cppExport.cmake
[6.665s] -- Installing: /home/kevin/ros2_airweek/install/yolov8_msgs/share/yolov8_msgs/cmake/export_yolov8_msgs__rosidl_typesupport_fastrtps_cppExport-noconfig.cmake
[6.665s] -- Installing: /home/kevin/ros2_airweek/install/yolov8_msgs/share/yolov8_msgs/cmake/yolov8_msgs__rosidl_typesupport_introspection_cppExport.cmake
[6.666s] -- Installing: /home/kevin/ros2_airweek/install/yolov8_msgs/share/yolov8_msgs/cmake/yolov8_msgs__rosidl_typesupport_introspection_cppExport-noconfig.cmake
[6.666s] -- Installing: /home/kevin/ros2_airweek/install/yolov8_msgs/share/yolov8_msgs/cmake/yolov8_msgs__rosidl_typesupport_cppExport.cmake
[6.666s] -- Installing: /home/kevin/ros2_airweek/install/yolov8_msgs/share/yolov8_msgs/cmake/yolov8_msgs__rosidl_typesupport_cppExport-noconfig.cmake
[6.666s] -- Installing: /home/kevin/ros2_airweek/install/yolov8_msgs/share/yolov8_msgs/cmake/export_yolov8_msgs__rosidl_generator_pyExport.cmake
[6.666s] -- Installing: /home/kevin/ros2_airweek/install/yolov8_msgs/share/yolov8_msgs/cmake/export_yolov8_msgs__rosidl_generator_pyExport-noconfig.cmake
[6.666s] -- Installing: /home/kevin/ros2_airweek/install/yolov8_msgs/share/yolov8_msgs/cmake/rosidl_cmake-extras.cmake
[6.666s] -- Installing: /home/kevin/ros2_airweek/install/yolov8_msgs/share/yolov8_msgs/cmake/ament_cmake_export_dependencies-extras.cmake
[6.666s] -- Installing: /home/kevin/ros2_airweek/install/yolov8_msgs/share/yolov8_msgs/cmake/ament_cmake_export_include_directories-extras.cmake
[6.666s] -- Installing: /home/kevin/ros2_airweek/install/yolov8_msgs/share/yolov8_msgs/cmake/ament_cmake_export_libraries-extras.cmake
[6.666s] -- Installing: /home/kevin/ros2_airweek/install/yolov8_msgs/share/yolov8_msgs/cmake/ament_cmake_export_targets-extras.cmake
[6.666s] -- Installing: /home/kevin/ros2_airweek/install/yolov8_msgs/share/yolov8_msgs/cmake/rosidl_cmake_export_typesupport_targets-extras.cmake
[6.666s] -- Installing: /home/kevin/ros2_airweek/install/yolov8_msgs/share/yolov8_msgs/cmake/rosidl_cmake_export_typesupport_libraries-extras.cmake
[6.666s] -- Installing: /home/kevin/ros2_airweek/install/yolov8_msgs/share/yolov8_msgs/cmake/yolov8_msgsConfig.cmake
[6.666s] -- Installing: /home/kevin/ros2_airweek/install/yolov8_msgs/share/yolov8_msgs/cmake/yolov8_msgsConfig-version.cmake
[6.666s] -- Installing: /home/kevin/ros2_airweek/install/yolov8_msgs/share/yolov8_msgs/package.xml
[6.667s] Invoked command in '/home/kevin/ros2_airweek/build/yolov8_msgs' returned '0': CMAKE_PREFIX_PATH=/opt/ros/humble /usr/bin/cmake --install /home/kevin/ros2_airweek/build/yolov8_msgs
