[0.611s] Invoking command in '/home/kevin/ros2_airweek/src/object_detection': CONDA_PROMPT_MODIFIER=(base) PYTHONPATH=/home/kevin/ros2_airweek/build/object_detection/prefix_override:/home/kevin/ros2_airweek/install/object_detection/lib/python3.10/site-packages:${PYTHONPATH} /usr/bin/python3 setup.py egg_info --egg-base ../../build/object_detection build --build-base /home/kevin/ros2_airweek/build/object_detection/build install --record /home/kevin/ros2_airweek/build/object_detection/install.log --single-version-externally-managed
[0.760s] running egg_info
[0.760s] writing ../../build/object_detection/object_detection.egg-info/PKG-INFO
[0.760s] writing dependency_links to ../../build/object_detection/object_detection.egg-info/dependency_links.txt
[0.760s] writing entry points to ../../build/object_detection/object_detection.egg-info/entry_points.txt
[0.760s] writing requirements to ../../build/object_detection/object_detection.egg-info/requires.txt
[0.760s] writing top-level names to ../../build/object_detection/object_detection.egg-info/top_level.txt
[0.761s] reading manifest file '../../build/object_detection/object_detection.egg-info/SOURCES.txt'
[0.762s] writing manifest file '../../build/object_detection/object_detection.egg-info/SOURCES.txt'
[0.762s] running build
[0.762s] running build_py
[0.762s] copying object_detection/image_converter.py -> /home/kevin/ros2_airweek/build/object_detection/build/lib/object_detection
[0.762s] running install
[0.762s] running install_lib
[0.762s] copying /home/kevin/ros2_airweek/build/object_detection/build/lib/object_detection/image_converter.py -> /home/kevin/ros2_airweek/install/object_detection/lib/python3.10/site-packages/object_detection
[0.762s] byte-compiling /home/kevin/ros2_airweek/install/object_detection/lib/python3.10/site-packages/object_detection/image_converter.py to image_converter.cpython-310.pyc
[0.763s] running install_data
[0.763s] running install_egg_info
[0.764s] removing '/home/kevin/ros2_airweek/install/object_detection/lib/python3.10/site-packages/object_detection-0.0.0-py3.10.egg-info' (and everything under it)
[0.765s] Copying ../../build/object_detection/object_detection.egg-info to /home/kevin/ros2_airweek/install/object_detection/lib/python3.10/site-packages/object_detection-0.0.0-py3.10.egg-info
[0.765s] running install_scripts
[0.775s] Installing image_converter script to /home/kevin/ros2_airweek/install/object_detection/lib/object_detection
[0.775s] Installing mmpose script to /home/kevin/ros2_airweek/install/object_detection/lib/object_detection
[0.775s] writing list of installed files to '/home/kevin/ros2_airweek/build/object_detection/install.log'
[0.815s] Invoked command in '/home/kevin/ros2_airweek/src/object_detection' returned '0': CONDA_PROMPT_MODIFIER=(base) PYTHONPATH=/home/kevin/ros2_airweek/build/object_detection/prefix_override:/home/kevin/ros2_airweek/install/object_detection/lib/python3.10/site-packages:${PYTHONPATH} /usr/bin/python3 setup.py egg_info --egg-base ../../build/object_detection build --build-base /home/kevin/ros2_airweek/build/object_detection/build install --record /home/kevin/ros2_airweek/build/object_detection/install.log --single-version-externally-managed
