[2.701s] Invoking command in '/home/kevin/ros2_airweek/src/object_detection': PYTHONPATH=/home/kevin/ros2_airweek/build/object_detection/prefix_override:/home/kevin/ros2_airweek/install/object_detection/lib/python3.10/site-packages:${PYTHONPATH} /usr/bin/python3 setup.py egg_info --egg-base ../../build/object_detection build --build-base /home/kevin/ros2_airweek/build/object_detection/build install --record /home/kevin/ros2_airweek/build/object_detection/install.log --single-version-externally-managed
[2.807s] running egg_info
[2.807s] writing ../../build/object_detection/object_detection.egg-info/PKG-INFO
[2.807s] writing dependency_links to ../../build/object_detection/object_detection.egg-info/dependency_links.txt
[2.807s] writing entry points to ../../build/object_detection/object_detection.egg-info/entry_points.txt
[2.807s] writing requirements to ../../build/object_detection/object_detection.egg-info/requires.txt
[2.807s] writing top-level names to ../../build/object_detection/object_detection.egg-info/top_level.txt
[2.808s] reading manifest file '../../build/object_detection/object_detection.egg-info/SOURCES.txt'
[2.808s] writing manifest file '../../build/object_detection/object_detection.egg-info/SOURCES.txt'
[2.808s] running build
[2.808s] running build_py
[2.808s] copying object_detection/image_converter.py -> /home/kevin/ros2_airweek/build/object_detection/build/lib/object_detection
[2.808s] running install
[2.809s] running install_lib
[2.809s] copying /home/kevin/ros2_airweek/build/object_detection/build/lib/object_detection/image_converter.py -> /home/kevin/ros2_airweek/install/object_detection/lib/python3.10/site-packages/object_detection
[2.809s] byte-compiling /home/kevin/ros2_airweek/install/object_detection/lib/python3.10/site-packages/object_detection/image_converter.py to image_converter.cpython-310.pyc
[2.810s] running install_data
[2.810s] running install_egg_info
[2.810s] removing '/home/kevin/ros2_airweek/install/object_detection/lib/python3.10/site-packages/object_detection-0.0.0-py3.10.egg-info' (and everything under it)
[2.810s] Copying ../../build/object_detection/object_detection.egg-info to /home/kevin/ros2_airweek/install/object_detection/lib/python3.10/site-packages/object_detection-0.0.0-py3.10.egg-info
[2.811s] running install_scripts
[2.832s] Installing image_converter script to /home/kevin/ros2_airweek/install/object_detection/lib/object_detection
[2.832s] writing list of installed files to '/home/kevin/ros2_airweek/build/object_detection/install.log'
[2.844s] Invoked command in '/home/kevin/ros2_airweek/src/object_detection' returned '0': PYTHONPATH=/home/kevin/ros2_airweek/build/object_detection/prefix_override:/home/kevin/ros2_airweek/install/object_detection/lib/python3.10/site-packages:${PYTHONPATH} /usr/bin/python3 setup.py egg_info --egg-base ../../build/object_detection build --build-base /home/kevin/ros2_airweek/build/object_detection/build install --record /home/kevin/ros2_airweek/build/object_detection/install.log --single-version-externally-managed
