[0.054s] Invoking command in '/home/kevin/ros2_airweek/build/yolov8_bringup': AMENT_PREFIX_PATH=/home/kevin/ros2_airweek/install/yolov8_ros:${AMENT_PREFIX_PATH} CMAKE_PREFIX_PATH=/opt/ros/humble PYTHONPATH=/home/kevin/ros2_airweek/install/yolov8_ros/lib/python3.10/site-packages:${PYTHONPATH} /usr/bin/cmake /home/kevin/ros2_airweek/src/yolov8_ros/yolov8_bringup -DCMAKE_INSTALL_PREFIX=/home/kevin/ros2_airweek/install/yolov8_bringup
[0.080s] -- The C compiler identification is GNU 11.4.0
[0.106s] -- The CXX compiler identification is GNU 11.4.0
[0.110s] -- Detecting C compiler ABI info
[0.155s] -- Detecting C compiler ABI info - done
[0.170s] -- Check for working C compiler: /usr/bin/cc - skipped
[0.170s] -- Detecting C compile features
[0.170s] -- Detecting C compile features - done
[0.172s] -- Detecting CXX compiler ABI info
[0.209s] -- Detecting CXX compiler ABI info - done
[0.213s] -- Check for working CXX compiler: /usr/bin/c++ - skipped
[0.213s] -- Detecting CXX compile features
[0.213s] -- Detecting CXX compile features - done
[0.214s] -- Found ament_cmake: 1.3.7 (/opt/ros/humble/share/ament_cmake/cmake)
[0.294s] -- Found Python3: /usr/bin/python3.10 (found version "3.10.12") found components: Interpreter 
[0.372s] -- Configuring done
[0.373s] -- Generating done
[0.373s] -- Build files have been written to: /home/kevin/ros2_airweek/build/yolov8_bringup
[0.376s] Invoked command in '/home/kevin/ros2_airweek/build/yolov8_bringup' returned '0': AMENT_PREFIX_PATH=/home/kevin/ros2_airweek/install/yolov8_ros:${AMENT_PREFIX_PATH} CMAKE_PREFIX_PATH=/opt/ros/humble PYTHONPATH=/home/kevin/ros2_airweek/install/yolov8_ros/lib/python3.10/site-packages:${PYTHONPATH} /usr/bin/cmake /home/kevin/ros2_airweek/src/yolov8_ros/yolov8_bringup -DCMAKE_INSTALL_PREFIX=/home/kevin/ros2_airweek/install/yolov8_bringup
[0.376s] Invoking command in '/home/kevin/ros2_airweek/build/yolov8_bringup': AMENT_PREFIX_PATH=/home/kevin/ros2_airweek/install/yolov8_ros:${AMENT_PREFIX_PATH} CMAKE_PREFIX_PATH=/opt/ros/humble PYTHONPATH=/home/kevin/ros2_airweek/install/yolov8_ros/lib/python3.10/site-packages:${PYTHONPATH} /usr/bin/cmake --build /home/kevin/ros2_airweek/build/yolov8_bringup -- -j32 -l32
[0.395s] Invoked command in '/home/kevin/ros2_airweek/build/yolov8_bringup' returned '0': AMENT_PREFIX_PATH=/home/kevin/ros2_airweek/install/yolov8_ros:${AMENT_PREFIX_PATH} CMAKE_PREFIX_PATH=/opt/ros/humble PYTHONPATH=/home/kevin/ros2_airweek/install/yolov8_ros/lib/python3.10/site-packages:${PYTHONPATH} /usr/bin/cmake --build /home/kevin/ros2_airweek/build/yolov8_bringup -- -j32 -l32
[0.409s] Invoking command in '/home/kevin/ros2_airweek/build/yolov8_bringup': AMENT_PREFIX_PATH=/home/kevin/ros2_airweek/install/yolov8_ros:${AMENT_PREFIX_PATH} CMAKE_PREFIX_PATH=/opt/ros/humble PYTHONPATH=/home/kevin/ros2_airweek/install/yolov8_ros/lib/python3.10/site-packages:${PYTHONPATH} /usr/bin/cmake --install /home/kevin/ros2_airweek/build/yolov8_bringup
[0.412s] -- Install configuration: ""
[0.413s] -- Installing: /home/kevin/ros2_airweek/install/yolov8_bringup/share/yolov8_bringup//launch
[0.413s] -- Installing: /home/kevin/ros2_airweek/install/yolov8_bringup/share/yolov8_bringup//launch/yolov8_3d.launch.py
[0.413s] -- Installing: /home/kevin/ros2_airweek/install/yolov8_bringup/share/yolov8_bringup//launch/yolov8.launch.py
[0.413s] -- Installing: /home/kevin/ros2_airweek/install/yolov8_bringup/share/ament_index/resource_index/package_run_dependencies/yolov8_bringup
[0.413s] -- Installing: /home/kevin/ros2_airweek/install/yolov8_bringup/share/ament_index/resource_index/parent_prefix_path/yolov8_bringup
[0.413s] -- Installing: /home/kevin/ros2_airweek/install/yolov8_bringup/share/yolov8_bringup/environment/ament_prefix_path.sh
[0.413s] -- Installing: /home/kevin/ros2_airweek/install/yolov8_bringup/share/yolov8_bringup/environment/ament_prefix_path.dsv
[0.413s] -- Installing: /home/kevin/ros2_airweek/install/yolov8_bringup/share/yolov8_bringup/environment/path.sh
[0.413s] -- Installing: /home/kevin/ros2_airweek/install/yolov8_bringup/share/yolov8_bringup/environment/path.dsv
[0.413s] -- Installing: /home/kevin/ros2_airweek/install/yolov8_bringup/share/yolov8_bringup/local_setup.bash
[0.413s] -- Installing: /home/kevin/ros2_airweek/install/yolov8_bringup/share/yolov8_bringup/local_setup.sh
[0.413s] -- Installing: /home/kevin/ros2_airweek/install/yolov8_bringup/share/yolov8_bringup/local_setup.zsh
[0.413s] -- Installing: /home/kevin/ros2_airweek/install/yolov8_bringup/share/yolov8_bringup/local_setup.dsv
[0.413s] -- Installing: /home/kevin/ros2_airweek/install/yolov8_bringup/share/yolov8_bringup/package.dsv
[0.413s] -- Installing: /home/kevin/ros2_airweek/install/yolov8_bringup/share/ament_index/resource_index/packages/yolov8_bringup
[0.413s] -- Installing: /home/kevin/ros2_airweek/install/yolov8_bringup/share/yolov8_bringup/cmake/yolov8_bringupConfig.cmake
[0.413s] -- Installing: /home/kevin/ros2_airweek/install/yolov8_bringup/share/yolov8_bringup/cmake/yolov8_bringupConfig-version.cmake
[0.413s] -- Installing: /home/kevin/ros2_airweek/install/yolov8_bringup/share/yolov8_bringup/package.xml
[0.414s] Invoked command in '/home/kevin/ros2_airweek/build/yolov8_bringup' returned '0': AMENT_PREFIX_PATH=/home/kevin/ros2_airweek/install/yolov8_ros:${AMENT_PREFIX_PATH} CMAKE_PREFIX_PATH=/opt/ros/humble PYTHONPATH=/home/kevin/ros2_airweek/install/yolov8_ros/lib/python3.10/site-packages:${PYTHONPATH} /usr/bin/cmake --install /home/kevin/ros2_airweek/build/yolov8_bringup
